C51 COMPILER V9.60.0.0   CHINESEGBK                                                        07/02/2021 17:15:22 PAGE 1   


C51 COMPILER V9.60.0.0, COMPILATION OF MODULE CHINESEGBK
OBJECT MODULE PLACED IN .\Objects\ChineseGBK.obj
COMPILER INVOKED BY: C:\Keil\C51\BIN\C51.EXE ChineseGBK.c OMF2 OPTIMIZE(8,SPEED) BROWSE DEBUG PRINT(.\Listings\ChineseGB
                    -K.lst) OBJECT(.\Objects\ChineseGBK.obj)

line level    source

   1          #include "ChineseGBK.h"
   2          
   3          char code str_title[] = "基于TLC5615的多种波形发生器\r\n";
   4          
   5          char code str_id1[] = "1900100302 ";
   6          
   7          char code str_name1[] = "陈应辉\r\n";
   8          
   9          char code str_enname1[] = "ChenYingHui";
  10          
  11          char code str_id2[] = "1900100333 ";
  12          
  13          char code str_name2[] = "曾文\xbe\xfd\r\n";
  14          
  15          char code str_enname2[] = "ZengWenJun ";
  16          
  17          char code str_sin[] = "\xd5\xfd弦波已输出\r\n"; //正弦波已输出
  18          
  19          char code str_tri[] = "\xc8\xfd角波已输出\r\n"; //三角波已输出
  20          
  21          char code str_saw[] = "锯齿波已输出\r\n";
  22          
  23          char code str_pwm[] = "%占空比PWM波已输出\r\n";


MODULE INFORMATION:   STATIC OVERLAYABLE
   CODE SIZE        =   ----    ----
   CONSTANT SIZE    =    162    ----
   XDATA SIZE       =   ----    ----
   PDATA SIZE       =   ----    ----
   DATA SIZE        =   ----    ----
   IDATA SIZE       =   ----    ----
   BIT SIZE         =   ----    ----
   EDATA SIZE       =   ----    ----
   HDATA SIZE       =   ----    ----
   XDATA CONST SIZE =   ----    ----
   FAR CONST SIZE   =   ----    ----
END OF MODULE INFORMATION.


C51 COMPILATION COMPLETE.  0 WARNING(S),  0 ERROR(S)
