C51 COMPILER V9.60.0.0   KEY                                                               06/30/2021 20:58:27 PAGE 1   


C51 COMPILER V9.60.0.0, COMPILATION OF MODULE KEY
OBJECT MODULE PLACED IN .\Objects\key.obj
COMPILER INVOKED BY: C:\Keil\C51\BIN\C51.EXE key.c OMF2 OPTIMIZE(8,SPEED) BROWSE DEBUG PRINT(.\Listings\key.lst) OBJECT(
                    -.\Objects\key.obj)

line level    source

   1          #include <REGX52.H>
   2          #include "delay.h"
   3          
   4          /**
   5            * @brief  获取独立按键键码
   6            * @param  无
   7            * @retval 按下按键的键码，范围：0~4，无按键按下时返回值为0
   8            */
   9          unsigned char Key()
  10          {
  11   1              unsigned char KeyNumber=0;
  12   1              
  13   1              if(P3_5==0){delay(20);while(P3_5==0);delay(20);KeyNumber=1;}
  14   1              if(P3_4==0){delay(20);while(P3_4==0);delay(20);KeyNumber=2;}
  15   1              if(P3_3==0){delay(20);while(P3_3==0);delay(20);KeyNumber=3;}
  16   1              if(P3_2==0){delay(20);while(P3_2==0);delay(20);KeyNumber=4;}
  17   1              
  18   1              return KeyNumber;
  19   1      }


MODULE INFORMATION:   STATIC OVERLAYABLE
   CODE SIZE        =     97    ----
   CONSTANT SIZE    =   ----    ----
   XDATA SIZE       =   ----    ----
   PDATA SIZE       =   ----    ----
   DATA SIZE        =   ----       1
   IDATA SIZE       =   ----    ----
   BIT SIZE         =   ----    ----
   EDATA SIZE       =   ----    ----
   HDATA SIZE       =   ----    ----
   XDATA CONST SIZE =   ----    ----
   FAR CONST SIZE   =   ----    ----
END OF MODULE INFORMATION.


C51 COMPILATION COMPLETE.  0 WARNING(S),  0 ERROR(S)
