C51 COMPILER V9.60.0.0   MAIN                                                              07/02/2021 17:05:08 PAGE 1   


C51 COMPILER V9.60.0.0, COMPILATION OF MODULE MAIN
OBJECT MODULE PLACED IN .\Objects\main.obj
COMPILER INVOKED BY: C:\Keil\C51\BIN\C51.EXE main.c OMF2 OPTIMIZE(8,SPEED) BROWSE DEBUG PRINT(.\Listings\main.lst) OBJEC
                    -T(.\Objects\main.obj)

line level    source

   1          #include <regx52.h>
   2          #include "tlc5615.h"
   3          #include "key.h"
   4          #include "buzzer.h"
   5          #include "delay.h"
   6          #include "lcd1602.h"
   7          #include "uart.h"
   8          #include "ChineseGBK.h"
   9          
  10          void main() {   
  11   1              LCD_Init();
  12   1              Init_USART();
  13   1              
  14   1              beepTime(880, 500);
  15   1              
  16   1              LCD_ShowString(1, 1, str_id1);
  17   1              LCD_ShowString(2, 1, str_enname1);
  18   1              PutString(str_id1);
  19   1              PutString(str_name1);
  20   1              delay(1000);
  21   1              
  22   1              LCD_ShowString(1, 1, str_id2);
  23   1              LCD_ShowString(2, 1, str_enname2);
  24   1              PutString(str_id2);
  25   1              PutString(str_name2);
  26   1              delay(1000);
  27   1              
  28   1              LCD_ShowString(1, 1, "Waveform  ");
  29   1              LCD_ShowString(2, 1, "Generator");
  30   1              PutString(str_title);
  31   1              
  32   1              while (1) {
  33   2                      unsigned char k = Key();
  34   2                      if (k) setWaveType((waveType)k);
  35   2                      showWave();
  36   2              }
  37   1      }


MODULE INFORMATION:   STATIC OVERLAYABLE
   CODE SIZE        =    171    ----
   CONSTANT SIZE    =     21    ----
   XDATA SIZE       =   ----    ----
   PDATA SIZE       =   ----    ----
   DATA SIZE        =   ----       1
   IDATA SIZE       =   ----    ----
   BIT SIZE         =   ----    ----
   EDATA SIZE       =   ----    ----
   HDATA SIZE       =   ----    ----
   XDATA CONST SIZE =   ----    ----
   FAR CONST SIZE   =   ----    ----
END OF MODULE INFORMATION.


C51 COMPILATION COMPLETE.  0 WARNING(S),  0 ERROR(S)
