C51 COMPILER V9.60.0.0   MAIN                                                              03/21/2021 19:46:39 PAGE 1   


C51 COMPILER V9.60.0.0, COMPILATION OF MODULE MAIN
OBJECT MODULE PLACED IN .\Objects\main.obj
COMPILER INVOKED BY: D:\Program Files (x86)\Keil\C51\BIN\C51.EXE main.c OPTIMIZE(8,SPEED) BROWSE DEBUG OBJECTEXTEND PRIN
                    -T(.\Listings\main.lst) OBJECT(.\Objects\main.obj)

line level    source

   1          #include <reg52.h>
   2          #include <intrins.h>
   3          #define uint unsigned int
   4          #define uchar unsigned char
   5          
   6          // uchar led[17]={0XC0,0XF9,0XA4,0XB0,0X99,0X92,0X82,0XF8,0X80,0X90,0X88,0X83,0XC6,0XA1,0X86,0X8E};
   7          
   8          void delay(uint ms) { //@11.0592MHz
   9   1              uchar i, j;
  10   1              uint k;
  11   1              for(k = 0; k < ms; k++){
  12   2                      _nop_();
  13   2                      i = 2;
  14   2                      j = 199;
  15   2                      do {
  16   3                              while (--j);
  17   3                      } while (--i);
  18   2              }
  19   1      }
  20          
  21          
  22          void delay10us(uint i) { //@11.0592MHz
  23   1              while(i--);     
  24   1      }
  25          
  26          void main() {
  27   1              uint i, direct = 1;
  28   1              P2 = 0xfe;
  29   1              while(1) {
  30   2                      for (i = 0; i < 8; i++) {
  31   3                              P2 = ~(direct ? 1 << i : 0x80 >> i);
  32   3                              delay(1000); // 等 1000 毫秒
  33   3                      }
  34   2                      direct = !direct;
  35   2              }
  36   1      }


MODULE INFORMATION:   STATIC OVERLAYABLE
   CODE SIZE        =    142    ----
   CONSTANT SIZE    =   ----    ----
   XDATA SIZE       =   ----    ----
   PDATA SIZE       =   ----    ----
   DATA SIZE        =   ----       4
   IDATA SIZE       =   ----    ----
   BIT SIZE         =   ----    ----
END OF MODULE INFORMATION.


C51 COMPILATION COMPLETE.  0 WARNING(S),  0 ERROR(S)
