C51 COMPILER V9.60.0.0   MAIN                                                              07/02/2021 23:37:01 PAGE 1   


C51 COMPILER V9.60.0.0, COMPILATION OF MODULE MAIN
OBJECT MODULE PLACED IN main.OBJ
COMPILER INVOKED BY: C:\Keil\C51\BIN\C51.EXE main.c OPTIMIZE(8,SPEED) BROWSE DEBUG OBJECTEXTEND

line level    source

   1          
   2          #include "ads1118.h"
   3          
   4          
   5          
   6          
   7          
   8          void Init(void)    //此函数方便串口调试
   9          {
  10   1         TMOD = 0X20;
  11   1         TH1 = 0XFD;
  12   1         TR1 = 1;
  13   1         SM1 = 1;SM0 = 0;
  14   1         REN = 1;
  15   1         TI = 1;
  16   1      }
  17          float Volt_Value;
  18          void main(void)
  19          {
  20   1              uint value;
  21   1              Init();
  22   1              EA = 1;
  23   1              ADS1118_Init();
  24   1              Write_ADS1118(CONFIG_VALUE,0);
  25   1              while(1)
  26   1              {
  27   2                      delay_ms(1000);
  28   2                      value  =  ADS_SEL_Read(5,0);  //6.144
  29   2                      printf("value = %d\n\r",value);
  30   2                      Volt_Value = value*6.144/32768;   //第二次转换时读出的是前一次的电压
  31   2                      printf("Volt_Value %f\n\r\n\r",Volt_Value);
  32   2        }
  33   1      }
  34          


MODULE INFORMATION:   STATIC OVERLAYABLE
   CODE SIZE        =    122    ----
   CONSTANT SIZE    =     31    ----
   XDATA SIZE       =   ----    ----
   PDATA SIZE       =   ----    ----
   DATA SIZE        =      4       2
   IDATA SIZE       =   ----    ----
   BIT SIZE         =   ----    ----
END OF MODULE INFORMATION.


C51 COMPILATION COMPLETE.  0 WARNING(S),  0 ERROR(S)
