C51 COMPILER V9.60.0.0   DS18B20                                                           07/02/2021 17:59:17 PAGE 1   


C51 COMPILER V9.60.0.0, COMPILATION OF MODULE DS18B20
OBJECT MODULE PLACED IN .\Objects\ds18b20.obj
COMPILER INVOKED BY: C:\Keil\C51\BIN\C51.EXE ds18b20.c OMF2 OPTIMIZE(8,SPEED) BROWSE DEBUG PRINT(.\Listings\ds18b20.lst)
                    - OBJECT(.\Objects\ds18b20.obj)

line level    source

   1          // 温度初始化设定是 85°C，再次测量即可
   2          
   3          #include <regx52.h>
   4          #include <intrins.h>
   5          #include "ds18b20.h"
   6          
   7          //管脚定义
   8          sbit DQ = P1 ^ 0; // 默认 P3 ^ 0 貌似影响串口正常工作
   9          
  10          //uchar TempBuffer[8];
  11          
  12          /*************************************
  13          函数名：delaydq
  14          函数功能：延时
  15          参数：i(秒数)
  16          返回：无
  17          备注：无
  18          *************************************/
  19          void delaydq(uchar i) {
  20   1              while (i--);
  21   1      }
  22          /*************************************
  23          函数名：dqinit
  24          函数功能：初始化
  25          参数：无
  26          返回：无
  27          备注：无
  28          *************************************/
  29          void dqinit(void) {
  30   1              uchar x = 0;
  31   1              DQ = 1;          // DQ复位
  32   1              delaydq(8);      //稍做延时
  33   1              DQ = 0;          //单片机将DQ拉低
  34   1              delaydq(80); //精确延时 大于 480us
  35   1              DQ = 1;          //拉高总线
  36   1              delaydq(14);
  37   1              x = DQ; //稍做延时后 如果x=0则初始化成功 x=1则初始化失败
  38   1              delaydq(20);
  39   1      }
  40          /*************************************
  41          函数名：re1820b
  42          函数功能：读数据
  43          参数：无
  44          返回：dat(数据)
  45          备注：无
  46          *************************************/
  47          uchar re1820b(void) {
  48   1              uchar i = 0;
  49   1              uchar dat = 0;
  50   1              for (i = 8; i > 0; i--) {
  51   2                      DQ = 0; // 给脉冲信号
  52   2                      dat >>= 1;
  53   2                      DQ = 1; // 给脉冲信号
  54   2                      if (DQ)
C51 COMPILER V9.60.0.0   DS18B20                                                           07/02/2021 17:59:17 PAGE 2   

  55   2                              dat |= 0x80;
  56   2                      delaydq(4);
  57   2              }
  58   1              return (dat);
  59   1      }
  60          /*************************************
  61          函数名：wr1820b
  62          函数功能：写数据
  63          参数：dat(数据)
  64          返回：无
  65          备注：无
  66          *************************************/
  67          void wr1820b(uchar dat) {
  68   1              unsigned char i = 0;
  69   1              for (i = 8; i > 0; i--) {
  70   2                      DQ = 0;
  71   2                      DQ = dat & 0x01;
  72   2                      delaydq(5);
  73   2                      DQ = 1;
  74   2                      dat >>= 1;
  75   2              }
  76   1      }
  77          /*************************************
  78          函数名：ReadTemp
  79          函数功能：温度转换
  80          参数：无
  81          返回：无
  82          备注：无
  83          *************************************/
  84          float ReadTemp(void) {
  85   1              uchar temp_value, temp2, xs, fflag = 0;
  86   1              
  87   1              unsigned char a = 0;
  88   1              unsigned char b = 0;
  89   1              unsigned char t = 0;
  90   1              
  91   1              float result;
  92   1      
  93   1              dqinit();
  94   1              wr1820b(0xCC); // 跳过读序号列号的操作
  95   1              wr1820b(0x44); // 启动温度转换
  96   1      
  97   1              delaydq(100);
  98   1              dqinit();
  99   1              wr1820b(0xCC); //跳过读序号列号的操作
 100   1              wr1820b(0xBE); //读取温度寄存器等（共可读9个寄存器） 前两个就是温度
 101   1      
 102   1              delaydq(100);
 103   1      
 104   1              a = re1820b(); //读取温度值低位
 105   1              b = re1820b(); //读取温度值高位
 106   1              if (b > 127) {
 107   2                      b = (256 - b);
 108   2                      a = (256 - a);
 109   2                      fflag = 1; //负温度求补码
 110   2              }
 111   1              temp_value = b << 4;
 112   1              temp_value += (a & 0xf0) >> 4;
 113   1              temp2 = a & 0x0f; //小数的值
 114   1      
 115   1              xs = temp2 * 0.0625 * 100; //小数位,若为0.5则算为5来显示   xs小数
 116   1      //      temp_to_str();
C51 COMPILER V9.60.0.0   DS18B20                                                           07/02/2021 17:59:17 PAGE 3   

 117   1      //      return TempBuffer;
 118   1              result = temp_value + xs * 0.01;
 119   1              if (fflag) result *= -1;
 120   1              return result;
 121   1      }
 122          
 123          /*************************************
 124          函数名：temp_to_str
 125          函数功能：温度显示
 126          参数：无
 127          返回：无
 128          备注：无
 129          *************************************/
 130          /*void temp_to_str() //温度数据转换成液晶字符显示
 131          {
 132                  if (fflag == 1) {
 133                          TempBuffer[0] = '-';
 134                          TempBuffer[1] = temp_value / 10 + '0'; //十位
 135                          TempBuffer[2] = temp_value % 10 + '0'; //个位
 136                          TempBuffer[3] = '.';
 137                          TempBuffer[4] = xs + '0';
 138                          TempBuffer[5] = 0xdf; //温度符号
 139                          TempBuffer[6] = 'C';
 140                          TempBuffer[7] = '\0';
 141                  } else {
 142                          TempBuffer[0] = '+';
 143                          TempBuffer[1] = temp_value / 10 + '0'; //十位
 144                          TempBuffer[2] = temp_value % 10 + '0'; //个位
 145                          TempBuffer[3] = '.';
 146                          TempBuffer[4] = xs + '0';
 147                          TempBuffer[5] = 0xdf; //温度符号
 148                          TempBuffer[6] = 'C';
 149                          TempBuffer[7] = '\0';
 150                  }
 151          }*/


MODULE INFORMATION:   STATIC OVERLAYABLE
   CODE SIZE        =    304    ----
   CONSTANT SIZE    =   ----    ----
   XDATA SIZE       =   ----    ----
   PDATA SIZE       =   ----    ----
   DATA SIZE        =   ----       7
   IDATA SIZE       =   ----    ----
   BIT SIZE         =   ----    ----
   EDATA SIZE       =   ----    ----
   HDATA SIZE       =   ----    ----
   XDATA CONST SIZE =   ----    ----
   FAR CONST SIZE   =   ----    ----
END OF MODULE INFORMATION.


C51 COMPILATION COMPLETE.  0 WARNING(S),  0 ERROR(S)
