C51 COMPILER V9.60.0.0   NIXIE                                                             05/11/2021 18:35:34 PAGE 1   


C51 COMPILER V9.60.0.0, COMPILATION OF MODULE NIXIE
OBJECT MODULE PLACED IN Nixie.OBJ
COMPILER INVOKED BY: E:\Keil5_533\C51\BIN\C51.EXE Nixie.c OPTIMIZE(8,SPEED) BROWSE DEBUG OBJECTEXTEND TABS(2)

line level    source

   1          #include "public.h"   
   2          
   3          
   4          
   5          //Êï∞Á†ÅÁÆ°ÊÆµÁ†ÅË°®
   6          //unsigned char shumaguan[]={0x3F,0x06,0x5B,0x4F,0x66,0x6D,0x7D,0x07,0X7F,0x6F};//ÂÖ±Èò¥Êï∞Á†ÅÁÆ°ÊòæÁ§∫Êï∞
             -Â≠óÁöÑÊï∞ÁªÑ
   7          unsigned char shumaguan[]={0XC0,0XF9,0XA4,0XB0,0X99,0X92,0X82,0XF8,0X80,0X90};//ÂÖ±Èò≥Êï∞Á†ÅÁÆ°ÊòæÁ§∫Êï∞Â≠
             -óÁöÑÊï∞ÁªÑ
   8          void Nixie(unsigned char Lacation,Num)
   9          {
  10   1        switch(Lacation)
  11   1        {
  12   2          case 1:P2_0=0;P2_1=1;P2_2=1;P2_3=1;break;
  13   2          case 2:P2_0=1;P2_1=0;P2_2=1;P2_3=1;break;
  14   2          case 3:P2_0=1;P2_1=1;P2_2=0;P2_3=1;break;
  15   2          case 4:P2_0=1;P2_1=1;P2_2=1;P2_3=0;break;
  16   2        }
  17   1        P0=shumaguan[Num];
  18   1        delay_ms(1);
  19   1        P0=0xff;
  20   1      }


MODULE INFORMATION:   STATIC OVERLAYABLE
   CODE SIZE        =     67    ----
   CONSTANT SIZE    =   ----    ----
   XDATA SIZE       =   ----    ----
   PDATA SIZE       =   ----    ----
   DATA SIZE        =     10    ----
   IDATA SIZE       =   ----    ----
   BIT SIZE         =   ----    ----
END OF MODULE INFORMATION.


C51 COMPILATION COMPLETE.  0 WARNING(S),  0 ERROR(S)
