C51 COMPILER V9.60.0.0   BUZZER                                                            06/23/2021 18:49:28 PAGE 1   


C51 COMPILER V9.60.0.0, COMPILATION OF MODULE BUZZER
OBJECT MODULE PLACED IN .\Objects\Buzzer.obj
COMPILER INVOKED BY: C:\Keil\C51\BIN\C51.EXE Buzzer.c OPTIMIZE(8,SPEED) BROWSE DEBUG OBJECTEXTEND PRINT(.\Listings\Buzze
                    -r.lst) OBJECT(.\Objects\Buzzer.obj)

line level    source

   1          #include "public.h"
   2          
   3          sbit buzzer = P3 ^ 6; //蜂鸣器端口
   4          
   5          /**
   6            * @brief  Buzzer private delay function, delay for 500 us.蜂鸣器私有延时函数，延时500us
   7            * @param  无
   8            * @retval 无
   9            */
  10          void _buzzerDelay500Us() { //@12.000MHz
  11   1              unsigned char i; 
  12   1              _nop_();
  13   1              i = 247;
  14   1              while (--i);
  15   1      }
  16          
  17          /**
  18            * @brief  蜂鸣器私有延时函数
  19            * @param  无
  20            * @retval 无
  21            */
  22          void _buzzerDelay(unsigned int i) {
  23   1              while (--i);
  24   1      }
  25          
  26          /**
  27            * @brief  蜂鸣器发声
  28            * @param  ms 发声的时长，范围：0~32767
  29            * @retval 无
  30            */
  31          void Buzzer_Time(unsigned int ms) {
  32   1              unsigned int i;
  33   1              for (i = 0; i < ms * 2; i++) {
  34   2                      buzzer = ~buzzer;
  35   2                      _buzzerDelay(100);
  36   2              }
  37   1      }


MODULE INFORMATION:   STATIC OVERLAYABLE
   CODE SIZE        =     54    ----
   CONSTANT SIZE    =   ----    ----
   XDATA SIZE       =   ----    ----
   PDATA SIZE       =   ----    ----
   DATA SIZE        =   ----    ----
   IDATA SIZE       =   ----    ----
   BIT SIZE         =   ----    ----
END OF MODULE INFORMATION.


C51 COMPILATION COMPLETE.  0 WARNING(S),  0 ERROR(S)
