C51 COMPILER V9.60.0.0   UTIL                                                              06/23/2021 18:38:35 PAGE 1   


C51 COMPILER V9.60.0.0, COMPILATION OF MODULE UTIL
OBJECT MODULE PLACED IN .\Objects\util.obj
COMPILER INVOKED BY: C:\Keil\C51\BIN\C51.EXE util.c OPTIMIZE(8,SPEED) BROWSE DEBUG OBJECTEXTEND PRINT(.\Listings\util.ls
                    -t) OBJECT(.\Objects\util.obj)

line level    source

   1          #include "public.h"
   2          
   3          void delay(unsigned int ms) { //@11.0592MHz
   4   1              unsigned char i, j, k;
   5   1              for (k = 0; k < ms; k++) {
   6   2                      _nop_();
   7   2                      i = 2;
   8   2                      j = 199;
   9   2                      do {
  10   3                              while (--j);
  11   3                      } while (--i);
  12   2              }
  13   1      }


MODULE INFORMATION:   STATIC OVERLAYABLE
   CODE SIZE        =     22    ----
   CONSTANT SIZE    =   ----    ----
   XDATA SIZE       =   ----    ----
   PDATA SIZE       =   ----    ----
   DATA SIZE        =   ----    ----
   IDATA SIZE       =   ----    ----
   BIT SIZE         =   ----    ----
END OF MODULE INFORMATION.


C51 COMPILATION COMPLETE.  0 WARNING(S),  0 ERROR(S)
