C51 COMPILER V9.60.0.0   BUZZER                                                            05/16/2021 16:05:30 PAGE 1   


C51 COMPILER V9.60.0.0, COMPILATION OF MODULE BUZZER
OBJECT MODULE PLACED IN .\Objects\Buzzer.obj
COMPILER INVOKED BY: E:\Keil5_533\C51\BIN\C51.EXE Buzzer.c OPTIMIZE(8,SPEED) BROWSE DEBUG OBJECTEXTEND PRINT(.\Listings\
                    -Buzzer.lst) TABS(2) OBJECT(.\Objects\Buzzer.obj)

line level    source

   1          #include "public.h" 
   2          
   3          #include <INTRINS.H>
   4          
   5          //蜂鸣器端口：
   6          sbit Buzzer=P3^6;
   7          
   8          /**
   9            * @brief  蜂鸣器私有延时函数，延时500us
  10            * @param  无
  11            * @retval 无
  12            */
  13          void Buzzer_Delay500us()    //@12.000MHz
  14          {
  15   1        unsigned char i;
  16   1      
  17   1      //  _nop_();
  18   1        i = 247;
  19   1        while (--i);
  20   1      }
  21          
  22          /**
  23            * @brief  蜂鸣器发声
  24            * @param  ms 发声的时长，范围：0~32767
  25            * @retval 无
  26            */
  27          void Buzzer_Time(unsigned int ms)
  28          {
  29   1        unsigned int i;
  30   1        for(i=0;i<ms*2;i++)
  31   1        {
  32   2          Buzzer=!Buzzer;
  33   2          Buzzer_Delay500us();
  34   2        }
  35   1      }


MODULE INFORMATION:   STATIC OVERLAYABLE
   CODE SIZE        =     39    ----
   CONSTANT SIZE    =   ----    ----
   XDATA SIZE       =   ----    ----
   PDATA SIZE       =   ----    ----
   DATA SIZE        =   ----    ----
   IDATA SIZE       =   ----    ----
   BIT SIZE         =   ----    ----
END OF MODULE INFORMATION.


C51 COMPILATION COMPLETE.  0 WARNING(S),  0 ERROR(S)
