C51 COMPILER V9.60.0.0   DELAY                                                             05/11/2021 21:25:55 PAGE 1   


C51 COMPILER V9.60.0.0, COMPILATION OF MODULE DELAY
OBJECT MODULE PLACED IN .\Objects\Delay.obj
COMPILER INVOKED BY: E:\Keil5_533\C51\BIN\C51.EXE Delay.c OPTIMIZE(8,SPEED) BROWSE DEBUG OBJECTEXTEND PRINT(.\Listings\D
                    -elay.lst) TABS(2) OBJECT(.\Objects\Delay.obj)

line level    source

   1          /*void Delay(unsigned int xms)    //@12.000MHz
   2          {
   3            while(xms--)
   4            {
   5              unsigned char i, j;
   6          
   7              i = 12;
   8              j = 169;
   9              do
  10              {
  11                while (--j);
  12              } while (--i);
  13            }
  14          }
  15          */
  16          void Delay(unsigned int xms)    //@11.0592MHz
  17          {
  18   1        while(xms--)
  19   1        {
  20   2          
  21   2        unsigned char i, j;
  22   2      
  23   2        i = 11;
  24   2        j = 190;
  25   2        do
  26   2        {
  27   3          while (--j);
  28   3        } while (--i);
  29   2        } 
  30   1      }


MODULE INFORMATION:   STATIC OVERLAYABLE
   CODE SIZE        =     25    ----
   CONSTANT SIZE    =   ----    ----
   XDATA SIZE       =   ----    ----
   PDATA SIZE       =   ----    ----
   DATA SIZE        =   ----       2
   IDATA SIZE       =   ----    ----
   BIT SIZE         =   ----    ----
END OF MODULE INFORMATION.


C51 COMPILATION COMPLETE.  0 WARNING(S),  0 ERROR(S)
