C51 COMPILER V9.60.0.0   PUBLIC                                                            05/16/2021 16:05:30 PAGE 1   


C51 COMPILER V9.60.0.0, COMPILATION OF MODULE PUBLIC
OBJECT MODULE PLACED IN .\Objects\public.obj
COMPILER INVOKED BY: E:\Keil5_533\C51\BIN\C51.EXE public.c OPTIMIZE(8,SPEED) BROWSE DEBUG OBJECTEXTEND PRINT(.\Listings\
                    -public.lst) TABS(2) OBJECT(.\Objects\public.obj)

line level    source

   1          #include "public.h"
   2          
   3          
   4          
   5          void delay_10us(u16 us)
   6          {
   7   1        while(us--);
   8   1      }
   9          
  10          void delay_ms(u16 ms)
  11          {
  12   1        u16 i,j;
  13   1        for(i=ms;i>0;i--)
  14   1          for(j=114;j>0;j--);
  15   1      }


MODULE INFORMATION:   STATIC OVERLAYABLE
   CODE SIZE        =     41    ----
   CONSTANT SIZE    =   ----    ----
   XDATA SIZE       =   ----    ----
   PDATA SIZE       =   ----    ----
   DATA SIZE        =   ----    ----
   IDATA SIZE       =   ----    ----
   BIT SIZE         =   ----    ----
END OF MODULE INFORMATION.


C51 COMPILATION COMPLETE.  0 WARNING(S),  0 ERROR(S)
