C51 COMPILER V9.60.0.0   UART                                                              05/16/2021 16:05:31 PAGE 1   


C51 COMPILER V9.60.0.0, COMPILATION OF MODULE UART
OBJECT MODULE PLACED IN .\Objects\UART.obj
COMPILER INVOKED BY: E:\Keil5_533\C51\BIN\C51.EXE UART.c OPTIMIZE(8,SPEED) BROWSE DEBUG OBJECTEXTEND PRINT(.\Listings\UA
                    -RT.lst) TABS(2) OBJECT(.\Objects\UART.obj)

line level    source

   1          #include "public.h" 
   2          
   3          
   4          void UART_Init()  //9600bps@11.0592MHz
   5          {
   6   1        EA=0;
   7   1       
   8   1        PCON &= 0x7F;   //波特率不倍速
   9   1        SCON = 0x50;    //8位数据,可变波特率
  10   1        TMOD &= 0x0F;   //清除定时器1模式位
  11   1        TMOD |= 0x20;   //设定定时器1为8位自动重装方式
  12   1        TL1 = 0xFD;   //设定定时初值
  13   1        TH1 = 0xFD;   //设定定时器重装值
  14   1        ET1 = 0;    //禁止定时器1中断
  15   1        TR1 = 1;    //启动定时器1
  16   1      
  17   1       ES=0;         //串行中断允许
  18   1       TR1=1;        //启动定时器1
  19   1       EA=1;         //允许中断
  20   1      }
  21          
  22          
  23          void UART_SendByte(u8 dat)
  24          {
  25   1        ES=0; //关闭串口中断
  26   1        TI=0; //清发送完毕中断请求标志位
  27   1        SBUF=dat; //发送
  28   1        while(TI==0); //等待发送完毕
  29   1        TI=0; //清发送完毕中断请求标志位
  30   1        ES=1; //允许串口中断
  31   1      }


MODULE INFORMATION:   STATIC OVERLAYABLE
   CODE SIZE        =     45    ----
   CONSTANT SIZE    =   ----    ----
   XDATA SIZE       =   ----    ----
   PDATA SIZE       =   ----    ----
   DATA SIZE        =   ----    ----
   IDATA SIZE       =   ----    ----
   BIT SIZE         =   ----    ----
END OF MODULE INFORMATION.


C51 COMPILATION COMPLETE.  0 WARNING(S),  0 ERROR(S)
