C51 COMPILER V9.60.0.0   INT0                                                              06/29/2021 20:41:38 PAGE 1   


C51 COMPILER V9.60.0.0, COMPILATION OF MODULE INT0
OBJECT MODULE PLACED IN .\Objects\int0.obj
COMPILER INVOKED BY: C:\Keil_v5\C51\BIN\C51.EXE int0.c OPTIMIZE(8,SPEED) BROWSE DEBUG OBJECTEXTEND PRINT(.\Listings\int0
                    -.lst) OBJECT(.\Objects\int0.obj)

line level    source

   1          #include <reg52.h>
   2          #include "lcd1602.h"
   3          
   4          void Init_INT0()
   5          {
   6   1              EA = 1;
   7   1              EX0 = 1;
   8   1              IT0 = 1;
   9   1      }
  10          void Init_timer0()
  11          {
  12   1              EA = 1;
  13   1              TR0 = 1;
  14   1              TMOD = 0X02;            //八位自动重装
  15   1              ET0 = 1;
  16   1              TH0 = 0;
  17   1              TL0 = 0;
  18   1      }
  19          
  20          void INT_0() interrupt 0
  21          {
  22   1              extern_num++;
  23   1              
  24   1              if(extern_num == 1)
  25   1              {
  26   2                      time_num = 0;
  27   2              }
  28   1              else
  29   1              {
  30   2                      if(time_num > 32)               //起始码判断
  31   2                      {
  32   3                              count = 0;
  33   3                      }
  34   2                      timerecord[count] = time_num;           //第一个是起始码，不需要
  35   2                      time_num = 0;
  36   2                      count++;
  37   2                      if(count == 33)
  38   2                      {
  39   3                              extern_num = 0;
  40   3                              flag_ok = 1;
  41   3                      }
  42   2              }
  43   1      }
  44          
  45          void timer0() interrupt 1
  46          {
  47   1              time_num++;             //256us
  48   1      }
  49          /*      1码的脉冲宽度为2.25ms
  50                  0码的脉冲宽度为1.12ms    
  51                  起始码的脉冲宽度为9ms  */


MODULE INFORMATION:   STATIC OVERLAYABLE
C51 COMPILER V9.60.0.0   INT0                                                              06/29/2021 20:41:38 PAGE 2   

   CODE SIZE        =     90    ----
   CONSTANT SIZE    =   ----    ----
   XDATA SIZE       =   ----    ----
   PDATA SIZE       =   ----    ----
   DATA SIZE        =   ----    ----
   IDATA SIZE       =   ----    ----
   BIT SIZE         =   ----    ----
END OF MODULE INFORMATION.


C51 COMPILATION COMPLETE.  0 WARNING(S),  0 ERROR(S)
