C51 COMPILER V9.60.0.0   MAIN                                                              06/29/2021 23:26:28 PAGE 1   


C51 COMPILER V9.60.0.0, COMPILATION OF MODULE MAIN
OBJECT MODULE PLACED IN .\Objects\main.obj
COMPILER INVOKED BY: C:\Keil_v5\C51\BIN\C51.EXE main.c OPTIMIZE(8,SPEED) BROWSE DEBUG OBJECTEXTEND PRINT(.\Listings\main
                    -.lst) OBJECT(.\Objects\main.obj)

line level    source

   1          #include <reg52.h>
   2          #include <intrins.h>
   3          #include "timer0.h"
   4          #include "isr.h"
   5          
   6          #define LED P1
   7          sbit LED1 = LED ^ 0;
   8          // sbit buzzer = P3 ^ 6;
   9          
  10          unsigned char Delay100ms() { //@11.0592MHz
  11   1              unsigned char i, j;
  12   1              i = 180;
  13   1              j = 73;
  14   1              do {
  15   2                      while (--j) if (ir_changed) {
  16   3                              ir_changed = 0;
  17   3                              return 1;
  18   3                      }
  19   2              } while (--i);
  20   1              return 0;
  21   1      }
  22          
  23          void main() {
  24   1              unsigned char choose;
  25   1              timer0_init();
  26   1              init0_init();
  27   1              while (1) {
  28   2                      choose = ir_getKey();
  29   2                      switch (choose) { // case 13~17，这是因为这是遥控器键盘上的第 13~17 个键
  30   3                              case 13: // 1-间隔发亮
  31   3                                      LED = 0x55;
  32   3                                      while (1) {
  33   4                                              if (Delay100ms()) break;
  34   4                                              LED = _crol_(LED, 1);
  35   4                                      }
  36   3                                      break;
  37   3                              case 14: // 2-全亮
  38   3                                      LED = 0x00;
  39   3                                      break;
  40   3                              case 15: // 3-三盏灯流水闪烁
  41   3                                      LED = 0x1f;
  42   3                                      while (1) {
  43   4                                              if (Delay100ms()) break;
  44   4                                              LED = _crol_(LED, 1);
  45   4                                      }
  46   3                                      break;
  47   3                              case 16: // 4-一盏灯延时闪烁
  48   3                                      LED = 0xfe;
  49   3                                      while (1) {
  50   4                                              if (Delay100ms()) break;
  51   4                                              LED1 = !LED1;
  52   4                                      }
  53   3                                      break;
  54   3                              case 17: // 5-点亮一盏 led 灯
C51 COMPILER V9.60.0.0   MAIN                                                              06/29/2021 23:26:28 PAGE 2   

  55   3                                      LED = 0xfe;
  56   3                                      break;
  57   3                              default: // 其它按键均为不亮灯
  58   3                                      LED = 0xff;
  59   3                                      break;
  60   3                      }
  61   2              }
  62   1      }


MODULE INFORMATION:   STATIC OVERLAYABLE
   CODE SIZE        =    126    ----
   CONSTANT SIZE    =   ----    ----
   XDATA SIZE       =   ----    ----
   PDATA SIZE       =   ----    ----
   DATA SIZE        =   ----    ----
   IDATA SIZE       =   ----    ----
   BIT SIZE         =   ----    ----
END OF MODULE INFORMATION.


C51 COMPILATION COMPLETE.  0 WARNING(S),  0 ERROR(S)
