C51 COMPILER V9.60.0.0   TIMER0                                                            07/01/2021 22:37:20 PAGE 1   


C51 COMPILER V9.60.0.0, COMPILATION OF MODULE TIMER0
OBJECT MODULE PLACED IN .\Objects\timer0.obj
COMPILER INVOKED BY: C:\Keil\C51\BIN\C51.EXE timer0.c OMF2 OPTIMIZE(8,SPEED) BROWSE DEBUG PRINT(.\Listings\timer0.lst) O
                    -BJECT(.\Objects\timer0.obj)

line level    source

   1          #include <regx52.h>
   2          
   3          /**
   4            * @brief  定时器0初始化，1毫秒@12.000MHz
   5            * @param  无
   6            * @retval 无
   7            */
   8          void timer0Init(void) {
   9   1              TMOD &= 0xF0;           //设置定时器模式
  10   1              TMOD |= 0x01;           //设置定时器模式
  11   1              TL0 = 0x18;             //设置定时初值
  12   1              TH0 = 0xFC;             //设置定时初值
  13   1              TF0 = 0;                //清除TF0标志
  14   1              TR0 = 1;                //定时器0开始计时
  15   1              ET0 = 1;
  16   1              EA = 1;
  17   1              PT0 = 0;
  18   1      }
  19          
  20          /*定时器中断函数模板
  21          void Timer0_Routine() interrupt 1 {
  22                  static unsigned int T0Count;
  23                  TL0 = 0x18;             //设置定时初值
  24                  TH0 = 0xFC;             //设置定时初值
  25                  T0Count++;
  26                  if(T0Count>=1000)
  27                  {
  28                          T0Count=0;
  29                          
  30                  }
  31          }
  32          */


MODULE INFORMATION:   STATIC OVERLAYABLE
   CODE SIZE        =     23    ----
   CONSTANT SIZE    =   ----    ----
   XDATA SIZE       =   ----    ----
   PDATA SIZE       =   ----    ----
   DATA SIZE        =   ----    ----
   IDATA SIZE       =   ----    ----
   BIT SIZE         =   ----    ----
   EDATA SIZE       =   ----    ----
   HDATA SIZE       =   ----    ----
   XDATA CONST SIZE =   ----    ----
   FAR CONST SIZE   =   ----    ----
END OF MODULE INFORMATION.


C51 COMPILATION COMPLETE.  0 WARNING(S),  0 ERROR(S)
