C51 COMPILER V9.60.0.0   CHINESEGBK                                                        06/30/2021 20:39:05 PAGE 1   


C51 COMPILER V9.60.0.0, COMPILATION OF MODULE CHINESEGBK
OBJECT MODULE PLACED IN .\Objects\ChineseGBK.obj
COMPILER INVOKED BY: C:\Keil\C51\BIN\C51.EXE ChineseGBK.c OMF2 OPTIMIZE(8,SPEED) BROWSE DEBUG PRINT(.\Listings\ChineseGB
                    -K.lst) OBJECT(.\Objects\ChineseGBK.obj)

line level    source

   1          #include "ChineseGBK.h"
   2          
   3          char code str_correct[] = "您的输入\xd5\xfd确，可以使用本产品！\r\n"; //"您的输入正确，可以使用本产品！"
   4          
   5          char code str_wrong[] = "您的输入有误，请重新输入！\r\n";


MODULE INFORMATION:   STATIC OVERLAYABLE
   CODE SIZE        =   ----    ----
   CONSTANT SIZE    =     62    ----
   XDATA SIZE       =   ----    ----
   PDATA SIZE       =   ----    ----
   DATA SIZE        =   ----    ----
   IDATA SIZE       =   ----    ----
   BIT SIZE         =   ----    ----
   EDATA SIZE       =   ----    ----
   HDATA SIZE       =   ----    ----
   XDATA CONST SIZE =   ----    ----
   FAR CONST SIZE   =   ----    ----
END OF MODULE INFORMATION.


C51 COMPILATION COMPLETE.  0 WARNING(S),  0 ERROR(S)
