C51 COMPILER V9.60.0.0   MATRIXKEY                                                         06/30/2021 20:39:04 PAGE 1   


C51 COMPILER V9.60.0.0, COMPILATION OF MODULE MATRIXKEY
OBJECT MODULE PLACED IN .\Objects\matrixkey.obj
COMPILER INVOKED BY: C:\Keil\C51\BIN\C51.EXE matrixkey.c OMF2 OPTIMIZE(8,SPEED) BROWSE DEBUG PRINT(.\Listings\matrixkey.
                    -lst) OBJECT(.\Objects\matrixkey.obj)

line level    source

   1          #include <regx52.h>
   2          #include "delay.h"
   3          
   4          /**
   5           * @brief  çŸ©é˜µé”®ç›˜è¯»å–æŒ‰é”®é”®ç 
   6           * @param  æ— 
   7           * @retval KeyNumber æŒ‰ä¸‹æŒ‰é”®çš„é”®ç å€¼
   8                                  å¦‚æœæŒ‰é”®æŒ‰ä¸‹ä¸æ”¾ï¼Œç¨‹åºä¼šåœç•™åœ¨æ­¤å‡½æ•°ï¼Œæ¾æ‰‹çš„ä¸€ç¬é—´ï¼Œè¿”å›æŒ‰é”®é”®ç ï¼Œæ²¡æ
             -œ‰æŒ‰é”®æŒ‰ä¸‹æ—¶ï¼Œè¿”å›0
   9           */
  10          unsigned char MatrixKey() {
  11   1              unsigned char KeyNumber = 0;
  12   1      
  13   1              P1 = 0xFF;
  14   1              P1_3 = 0;
  15   1              if (P1_7 == 0) { delay(20); while (P1_7 == 0); delay(20); KeyNumber = 1; }
  16   1              if (P1_6 == 0) { delay(20); while (P1_6 == 0); delay(20); KeyNumber = 4; }
  17   1              if (P1_5 == 0) { delay(20); while (P1_5 == 0); delay(20); KeyNumber = 7; }
  18   1              if (P1_4 == 0) { delay(20); while (P1_4 == 0); delay(20); KeyNumber = 17; }//*
  19   1      
  20   1              P1 = 0xFF;
  21   1              P1_2 = 0;
  22   1              if (P1_7 == 0) { delay(20); while (P1_7 == 0); delay(20); KeyNumber = 2; }
  23   1              if (P1_6 == 0) { delay(20); while (P1_6 == 0); delay(20); KeyNumber = 5; }
  24   1              if (P1_5 == 0) { delay(20); while (P1_5 == 0); delay(20); KeyNumber = 8; }
  25   1              if (P1_4 == 0) { delay(20); while (P1_4 == 0); delay(20); KeyNumber = 10; }
  26   1      
  27   1              P1 = 0xFF;
  28   1              P1_1 = 0;
  29   1              if (P1_7 == 0) { delay(20); while (P1_7 == 0); delay(20); KeyNumber = 3; }
  30   1              if (P1_6 == 0) { delay(20); while (P1_6 == 0); delay(20); KeyNumber = 6; }
  31   1              if (P1_5 == 0) { delay(20); while (P1_5 == 0); delay(20); KeyNumber = 9; }
  32   1              if (P1_4 == 0) { delay(20); while (P1_4 == 0); delay(20); KeyNumber = 18; }//#
  33   1      
  34   1              P1 = 0xFF;
  35   1              P1_0 = 0;
  36   1              if (P1_7 == 0) { delay(20); while (P1_7 == 0); delay(20); KeyNumber = 20; }//A
  37   1              if (P1_6 == 0) { delay(20); while (P1_6 == 0); delay(20); KeyNumber = 21; }//B
  38   1              if (P1_5 == 0) { delay(20); while (P1_5 == 0); delay(20); KeyNumber = 22; }//C
  39   1              if (P1_4 == 0) { delay(20); while (P1_4 == 0); delay(20); KeyNumber = 23; }//D
  40   1              
  41   1              return KeyNumber;
  42   1      }
  43          
  44          unsigned char MatrixKeyPress() {
  45   1              unsigned char KeyNumber = 0;
  46   1              
  47   1              P1 = 0xFF;
  48   1              P1_3 = 0;
  49   1              if (P1_7 == 0) { KeyNumber = 1; }
  50   1              if (P1_6 == 0) { KeyNumber = 4; }
  51   1              if (P1_5 == 0) { KeyNumber = 7; }
  52   1              if (P1_4 == 0) { KeyNumber = 17; }//*
  53   1      
C51 COMPILER V9.60.0.0   MATRIXKEY                                                         06/30/2021 20:39:04 PAGE 2   

  54   1              P1 = 0xFF;
  55   1              P1_2 = 0;
  56   1              if (P1_7 == 0) { KeyNumber = 2; }
  57   1              if (P1_6 == 0) { KeyNumber = 5; }
  58   1              if (P1_5 == 0) { KeyNumber = 8; }
  59   1              if (P1_4 == 0) { KeyNumber = 10; }
  60   1      
  61   1              P1 = 0xFF;
  62   1              P1_1 = 0;
  63   1              if (P1_7 == 0) { KeyNumber = 3; }
  64   1              if (P1_6 == 0) { KeyNumber = 6; }
  65   1              if (P1_5 == 0) { KeyNumber = 9; }
  66   1              if (P1_4 == 0) { KeyNumber = 18; }//#
  67   1      
  68   1              P1 = 0xFF;
  69   1              P1_0 = 0;
  70   1              if (P1_7 == 0) { KeyNumber = 20; }//A
  71   1              if (P1_6 == 0) { KeyNumber = 21; }//B
  72   1              if (P1_5 == 0) { KeyNumber = 22; }//C
  73   1              if (P1_4 == 0) { KeyNumber = 23; }//D
  74   1              
  75   1              return KeyNumber;
  76   1      }


MODULE INFORMATION:   STATIC OVERLAYABLE
   CODE SIZE        =    495    ----
   CONSTANT SIZE    =   ----    ----
   XDATA SIZE       =   ----    ----
   PDATA SIZE       =   ----    ----
   DATA SIZE        =   ----       1
   IDATA SIZE       =   ----    ----
   BIT SIZE         =   ----    ----
   EDATA SIZE       =   ----    ----
   HDATA SIZE       =   ----    ----
   XDATA CONST SIZE =   ----    ----
   FAR CONST SIZE   =   ----    ----
END OF MODULE INFORMATION.


C51 COMPILATION COMPLETE.  0 WARNING(S),  0 ERROR(S)
