C51 COMPILER V9.60.0.0   MEASURING                                                         06/30/2021 20:39:04 PAGE 1   


C51 COMPILER V9.60.0.0, COMPILATION OF MODULE MEASURING
OBJECT MODULE PLACED IN .\Objects\measuring.obj
COMPILER INVOKED BY: C:\Keil\C51\BIN\C51.EXE measuring.c OMF2 OPTIMIZE(8,SPEED) BROWSE DEBUG PRINT(.\Listings\measuring.
                    -lst) OBJECT(.\Objects\measuring.obj)

line level    source

   1          #include <regx52.h>
   2          #include <intrins.h>
   3          #include "measuring.h"
   4          #include "delay.h"
   5          
   6          #define uint unsigned int
   7          #define uchar unsigned char
   8          
   9          uchar count;           //中断累加变量
  10          
  11          /*------------------------------------------------
  12              超声波模块触发信号
  13          ------------------------------------------------*/
  14          void measuringTrigger() {
  15   1              unsigned char i;
  16   1          trig = 0;
  17   1              for (i = 0; i < 42; i++) _nop_();
  18   1              trig = 1;       
  19   1      }
  20          
  21          
  22          /*------------------------------------------------
  23             超声波模块相应端口初始化函数
  24          ------------------------------------------------*/
  25          void measuringInit() {
  26   1              trig = 1;
  27   1              echo = 1;
  28   1              count = 0;
  29   1      }
  30          
  31          
  32          /*------------------------------------------------
  33               超声波模块距离测试函数
  34          ------------------------------------------------*/
  35          unsigned long int measuring() {
  36   1              unsigned long int distance;
  37   1              uchar l;
  38   1              uint h, y;
  39   1              TR0 = 1;
  40   1              while (echo == 1);    
  41   1              TR0 = 0;
  42   1              l = TL0;
  43   1              h = TH0;
  44   1              y = (h << 8) + l;
  45   1              y = y - 0xfc66;//us部分
  46   1              distance = y + 1000 * count;//计算总时间,单位是微秒
  47   1              TL0 = 0x66;
  48   1              TH0 = 0xfc;
  49   1              delayt(30);
  50   1              distance = 34000 * distance / 20000;//原始为: (0.34毫米 / us) * 时间 / 2
  51   1              return distance;
  52   1      }


C51 COMPILER V9.60.0.0   MEASURING                                                         06/30/2021 20:39:04 PAGE 2   

MODULE INFORMATION:   STATIC OVERLAYABLE
   CODE SIZE        =    135    ----
   CONSTANT SIZE    =   ----    ----
   XDATA SIZE       =   ----    ----
   PDATA SIZE       =   ----    ----
   DATA SIZE        =      1       4
   IDATA SIZE       =   ----    ----
   BIT SIZE         =   ----    ----
   EDATA SIZE       =   ----    ----
   HDATA SIZE       =   ----    ----
   XDATA CONST SIZE =   ----    ----
   FAR CONST SIZE   =   ----    ----
END OF MODULE INFORMATION.


C51 COMPILATION COMPLETE.  0 WARNING(S),  0 ERROR(S)
