C51 COMPILER V9.60.0.0   TIMER0                                                            06/30/2021 20:39:04 PAGE 1   


C51 COMPILER V9.60.0.0, COMPILATION OF MODULE TIMER0
OBJECT MODULE PLACED IN .\Objects\timer0.obj
COMPILER INVOKED BY: C:\Keil\C51\BIN\C51.EXE timer0.c OMF2 OPTIMIZE(8,SPEED) BROWSE DEBUG PRINT(.\Listings\timer0.lst) O
                    -BJECT(.\Objects\timer0.obj)

line level    source

   1          #include <regx52.h>
   2          #include "measuring.h"
   3          
   4          /*------------------------------------------------
   5          ÓÑöÓÑöÓÑöÂÆöÊó∂Âô®0ÂàùÂßãÂåñÔºåÁî®‰∫éËÆ°ÁÆóÂìçÂ∫î‰ø°Âè∑Êó∂Èó¥
   6          ------------------------------------------------*/
   7          void timer0Init() {
   8   1              TMOD = 0x01;
   9   1              TL0 = 0x66;
  10   1              TH0 = 0xfc; //1ms
  11   1              ET0 = 1;
  12   1              EA = 1;
  13   1      }
  14          
  15          //‚Ä¶‚Ä¶‚Ä¶‚Ä¶‚Ä¶‚Ä¶‚Ä¶‚Ä¶‚Ä¶‚Ä¶‚Ä¶‚Ä¶‚Ä¶‚Ä¶‚Ä¶‚Ä¶‚Ä¶‰∏≠Êñ≠ÊúçÂä°ÂáΩÊï∞‚Ä¶‚Ä¶‚Ä¶‚Ä¶‚Ä¶‚Ä¶‚Ä¶‚Ä¶‚Ä¶‚Ä¶‚Ä¶‚Ä
             -¶‚Ä¶‚Ä¶‚Ä¶‚Ä¶‚Ä¶‚Ä¶‚Ä¶//
  16          void timer0Routine() interrupt 1 {
  17   1              TF0 = 0;
  18   1              TL0 = 0x66;
  19   1              TH0 = 0xfc;
  20   1              count++;
  21   1              if (count == 18) {
  22   2                      TR0 = 0;
  23   2                      TL0 = 0x66;
  24   2                      TH0 = 0xfc;
  25   2                      count = 0;
  26   2              }
  27   1      }


MODULE INFORMATION:   STATIC OVERLAYABLE
   CODE SIZE        =     48    ----
   CONSTANT SIZE    =   ----    ----
   XDATA SIZE       =   ----    ----
   PDATA SIZE       =   ----    ----
   DATA SIZE        =   ----    ----
   IDATA SIZE       =   ----    ----
   BIT SIZE         =   ----    ----
   EDATA SIZE       =   ----    ----
   HDATA SIZE       =   ----    ----
   XDATA CONST SIZE =   ----    ----
   FAR CONST SIZE   =   ----    ----
END OF MODULE INFORMATION.


C51 COMPILATION COMPLETE.  0 WARNING(S),  0 ERROR(S)
