C51 COMPILER V9.60.0.0   UART                                                              06/30/2021 20:39:05 PAGE 1   


C51 COMPILER V9.60.0.0, COMPILATION OF MODULE UART
OBJECT MODULE PLACED IN .\Objects\UART.obj
COMPILER INVOKED BY: C:\Keil\C51\BIN\C51.EXE UART.c OMF2 OPTIMIZE(8,SPEED) BROWSE DEBUG PRINT(.\Listings\UART.lst) OBJEC
                    -T(.\Objects\UART.obj)

line level    source

   1          #include <REGX52.H>
   2          
   3          // 特别注意：波特率是 9600
   4          
   5          /**
   6            * @brief  串口初始化
   7            * @param  无
   8            * @retval 无
   9            */
  10          void UART_Init() {
  11   1      //      SCON = 0x40;
  12   1      //      PCON |= 0x80;
  13   1      //      TMOD &= 0x0F;           //设置定时器模式
  14   1      //      TMOD |= 0x20;           //设置定时器模式
  15   1      //      TL1 = 0xF3;             //设定定时初值
  16   1      //      TH1 = 0xF3;             //设定定时器重装值
  17   1      //      ET1 = 0;                //禁止定时器1中断
  18   1      //      TR1 = 1;                //启动定时器1
  19   1              EA=1;//中断模式开
  20   1              TMOD=0x20;//设置定时器1为工作方式2
  21   1              TH1=0xfd;//波特率是9600
  22   1              TL1=0xfd;
  23   1              TR1=1;
  24   1              SCON=0x40;
  25   1              PCON&=0x7F;
  26   1      }
  27          
  28          /**
  29            * @brief  串口发送一个字节数据
  30            * @param  Byte 要发送的一个字节数据
  31            * @retval 无
  32            */
  33          void UART_SendByte(unsigned char Byte) {
  34   1              SBUF = Byte;
  35   1              while(TI == 0);
  36   1              TI = 0;
  37   1      }
  38          
  39          /**
  40            * @brief  串口发送一个字符串
  41            * @param  Byte 要发送的字符串数组
  42            * @retval 无
  43            */
  44          void UART_String(unsigned char *str) {
  45   1              while (*str != '\0') {
  46   2                      UART_SendByte(*str++);
  47   2              }
  48   1      }


MODULE INFORMATION:   STATIC OVERLAYABLE
   CODE SIZE        =     65    ----
   CONSTANT SIZE    =   ----    ----
   XDATA SIZE       =   ----    ----
C51 COMPILER V9.60.0.0   UART                                                              06/30/2021 20:39:05 PAGE 2   

   PDATA SIZE       =   ----    ----
   DATA SIZE        =   ----       3
   IDATA SIZE       =   ----    ----
   BIT SIZE         =   ----    ----
   EDATA SIZE       =   ----    ----
   HDATA SIZE       =   ----    ----
   XDATA CONST SIZE =   ----    ----
   FAR CONST SIZE   =   ----    ----
END OF MODULE INFORMATION.


C51 COMPILATION COMPLETE.  0 WARNING(S),  0 ERROR(S)
