C51 COMPILER V9.60.0.0   MIXUEBINGCHENG                                                    06/24/2021 20:47:19 PAGE 1   


C51 COMPILER V9.60.0.0, COMPILATION OF MODULE MIXUEBINGCHENG
OBJECT MODULE PLACED IN .\Objects\mixuebingcheng.obj
COMPILER INVOKED BY: C:\Keil\C51\BIN\C51.EXE songs\mixuebingcheng.c COMPACT OPTIMIZE(8,SPEED) BROWSE DEBUG OBJECTEXTEND 
                    -PRINT(.\Listings\mixuebingcheng.lst) OBJECT(.\Objects\mixuebingcheng.obj)

line level    source

   1          #include "notes.h"
   2          note code miXueBingCheng[] = {{A4,0.3},{D5,0.15},{E5,0.15},{F_5,0.3},{A5,0.3},{A5,0.45},{B5,0.15},{A5,0.3}
             -,{F_5,0.3},{D5,0.3},{D5,0.15},{E5,0.15},{F_5,0.3},{F_5,0.3},{E5,0.3},{E5,0.3},{D5,0.3},{A4,0.3},{A5,0.6},{F_5,0.3},{A5,0
             -.3},{A5,0.45},{B5,0.15},{A5,0.3},{F_5,0.225},{E5,0.075},{D5,0.3},{D5,0.15},{E5,0.15},{F_5,0.3},{F_5,0.3},{E5,0.3},{D5,0.
             -3},{E5,1.2},{F_5,0.3},{A5,0.3},{A5,0.45},{B5,0.15},{A5,0.3},{F_5,0.225},{E5,0.075},{D5,0.3},{D5,0.15},{E5,0.15},{F_5,0.3
             -},{F_5,0.3},{E5,0.3},{E5,0.3},{D5,1.2},{F_5,0.075},{G5,0.525},{G5,0.6},{G5,0.3},{A5,0.075},{B5,0.825},{G5,0.075},{A5,0.5
             -25},{G5,0.075},{A5,0.225},{F_5,0.3},{E5,1.2},{F_5,0.3},{A5,0.3},{A5,0.45},{B5,0.15},{A5,0.3},{F_5,0.225},{E5,0.075},{D5,
             -0.3},{D5,0.15},{E5,0.15},{F_5,0.3},{F_5,0.3},{E5,0.3},{E5,0.3},{D5,0.6},{A4,0.3},{D5,0.15},{E5,0.15},{D4,0.038},{F_5,0.0
             -38},{D4,0.037},{F_5,0.038},{D4,0.037},{F_5,0.038},{D4,0.038},{F_5,0.037},{F_4,0.038},{A5,0.037},{F_4,0.038},{A5,0.038},{
             -F_4,0.037},{A5,0.038},{F_4,0.037},{A5,0.038},{A3,0.038},{A5,0.037},{A3,0.038},{A5,0.037},{A3,0.038},{A5,0.038},{A3,0.037
             -},{A5,0.038},{F_4,0.037},{A5,0.038},{F_4,0.038},{A5,0.037},{F_4,0.038},{B5,0.037},{F_4,0.038},{B5,0.038},{D4,0.037},{A5,
             -0.038},{D4,0.037},{A5,0.038},{D4,0.038},{A5,0.037},{D4,0.038},{A5,0.037},{F_4,0.038},{F_5,0.038},{F_4,0.037},{F_5,0.038}
             -,{F_4,0.037},{F_5,0.038},{F_4,0.038},{F_5,0.037},{A3,0.038},{D5,0.037},{A3,0.038},{D5,0.038},{A3,0.037},{D5,0.038},{A3,0
             -.037},{D5,0.038},{F_4,0.038},{D5,0.037},{F_4,0.038},{D5,0.037},{F_4,0.038},{E5,0.038},{F_4,0.037},{E5,0.038},{G3,0.037},
             -{F_5,0.038},{G3,0.038},{F_5,0.037},{G3,0.038},{F_5,0.037},{G3,0.038},{F_5,0.038},{D4,0.037},{F_5,0.038},{D4,0.037},{F_5,
             -0.038},{D4,0.038},{F_5,0.037},{D4,0.038},{F_5,0.037},{A3,0.038},{E5,0.038},{A3,0.037},{E5,0.038},{A3,0.037},{E5,0.038},{
             -A3,0.038},{E5,0.037},{E4,0.038},{E5,0.037},{E4,0.038},{E5,0.038},{E4,0.037},{E5,0.038},{E4,0.037},{E5,0.038},{D4,0.038},
             -{D5,0.037},{D4,0.038},{D5,0.037},{D4,0.038},{D5,0.038},{D4,0.037},{D5,0.038},{A3,0.037},{A4,0.038},{A3,0.038},{A4,0.037}
             -,{A3,0.038},{A4,0.037},{A3,0.038},{A4,0.037},{D4,0.038},{A5,0.038},{D4,0.037},{A5,0.038},{D4,0.037},{A5,0.038},{D4,0.038
             -},{A5,0.337},{D4,0.038},{F_5,0.037},{D4,0.038},{F_5,0.037},{D4,0.038},{F_5,0.038},{D4,0.037},{F_5,0.038},{F_4,0.037},{A5
             -,0.038},{F_4,0.038},{A5,0.037},{F_4,0.038},{A5,0.037},{F_4,0.038},{A5,0.038},{A3,0.037},{A5,0.038},{A3,0.037},{A5,0.038}
             -,{A3,0.038},{A5,0.037},{A3,0.038},{A5,0.037},{F_4,0.038},{A5,0.038},{F_4,0.037},{A5,0.038},{F_4,0.037},{B5,0.038},{F_4,0
             -.038},{B5,0.037},{D4,0.038},{A5,0.037},{D4,0.038},{A5,0.038},{D4,0.037},{A5,0.038},{D4,0.037},{A5,0.038},{F_4,0.038},{F_
             -5,0.037},{F_4,0.038},{F_5,0.037},{F_4,0.038},{F_5,0.038},{F_4,0.037},{E5,0.038},{A3,0.037},{D5,0.038},{A3,0.038},{D5,0.0
             -37},{A3,0.038},{D5,0.037},{A3,0.038},{D5,0.038},{F_4,0.037},{D5,0.038},{F_4,0.037},{D5,0.038},{F_4,0.038},{E5,0.037},{F_
             -4,0.038},{E5,0.037},{G3,0.038},{F_5,0.038},{G3,0.037},{F_5,0.038},{G3,0.037},{F_5,0.038},{G3,0.038},{F_5,0.038},{D4,0.03
             -7},{F_5,0.038},{D4,0.038},{F_5,0.038},{D4,0.038},{F_5,0.037},{D4,0.038},{F_5,0.038},{B3,0.038},{E5,0.038},{B3,0.037},{E5
             -,0.038},{B3,0.038},{E5,0.038},{B3,0.038},{E5,0.037},{D4,0.038},{D5,0.038},{D4,0.038},{D5,0.038},{D4,0.037},{D5,0.038},{D
             -4,0.038},{D5,0.038},{A3,0.038},{E5,0.037},{A3,0.038},{E5,0.038},{A3,0.038},{E5,0.038},{A3,0.037},{E5,0.038},{E4,0.038},{
             -E5,0.038},{E4,0.038},{E5,0.037},{E4,0.038},{E5,0.038},{E4,0.038},{E5,0.038},{C_4,0.037},{E5,0.038},{C_4,0.038},{E5,0.038
             -},{C_4,0.038},{E5,0.037},{C_4,0.038},{E5,0.038},{E4,0.038},{E5,0.038},{E4,0.037},{E5,0.038},{E4,0.038},{E5,0.038},{E4,0.
             -038},{E5,0.037},{D4,0.038},{F_5,0.038},{D4,0.038},{F_5,0.038},{D4,0.037},{F_5,0.038},{D4,0.038},{F_5,0.038},{F_4,0.038},
             -{A5,0.037},{F_4,0.038},{A5,0.038},{F_4,0.038},{A5,0.038},{F_4,0.037},{A5,0.038},{A3,0.038},{A5,0.038},{A3,0.038},{A5,0.0
             -37},{A3,0.038},{A5,0.038},{A3,0.038},{A5,0.038},{F_4,0.037},{A5,0.038},{F_4,0.038},{A5,0.038},{F_4,0.038},{B5,0.037},{F_
             -4,0.038},{B5,0.038},{D4,0.038},{A5,0.038},{D4,0.037},{A5,0.038},{D4,0.038},{A5,0.038},{D4,0.038},{A5,0.037},{F_4,0.038},
             -{F_5,0.038},{F_4,0.038},{F_5,0.038},{F_4,0.037},{F_5,0.038},{F_4,0.038},{E5,0.038},{A3,0.038},{D5,0.037},{A3,0.038},{D5,
             -0.038},{A3,0.038},{D5,0.038},{A3,0.037},{D5,0.038},{F_4,0.038},{D5,0.038},{F_4,0.038},{D5,0.037},{F_4,0.038},{E5,0.038},
             -{F_4,0.038},{E5,0.038},{G3,0.037},{F_5,0.038},{G3,0.038},{F_5,0.038},{G3,0.038},{F_5,0.037},{G3,0.038},{F_5,0.038},{D4,0
             -.038},{F_5,0.038},{D4,0.037},{F_5,0.038},{D4,0.038},{F_5,0.038},{D4,0.038},{F_5,0.037},{A3,0.038},{E5,0.038},{A3,0.038},
             -{E5,0.038},{A3,0.037},{E5,0.038},{A3,0.038},{E5,0.038},{E4,0.038},{E5,0.037},{E4,0.038},{E5,0.038},{E4,0.038},{E5,0.038}
             -,{E4,0.037},{E5,0.038},{D4,0.038},{D5,0.038},{D4,0.038},{D5,0.037},{D4,0.038},{D5,0.038},{D4,0.038},{D5,0.038},{A3,0.037
             -},{D5,0.038},{A3,0.038},{D5,0.038},{A3,0.038},{D5,0.037},{A3,0.038},{D5,0.038},{D4,0.038},{D5,0.038},{D4,0.037},{D5,0.03
             -8},{D4,0.038},{D5,0.038},{D4,0.038},{D5,0.037},{D5,0.038},{D5,0.038},{D5,0.038},{D5,0.038},{D5,0.037},{D5,0.038},{D5,0.0
             -38},{D5,0.038},{G3,0.038},{F_5,0.037},{G3,0.038},{G5,0.038},{G3,0.038},{G5,0.038},{G3,0.037},{G5,0.038},{D4,0.038},{G5,0
             -.038},{D4,0.038},{G5,0.037},{D4,0.038},{G5,0.038},{D4,0.038},{G5,0.038},{B3,0.037},{G5,0.038},{B3,0.038},{G5,0.038},{B3,
             -0.038},{G5,0.037},{B3,0.038},{G5,0.038},{D4,0.038},{G5,0.038},{D4,0.037},{G5,0.038},{D4,0.038},{G5,0.038},{D4,0.038},{G5
             -,0.037},{G3,0.038},{G5,0.038},{G3,0.038},{G5,0.038},{G3,0.037},{G5,0.038},{G3,0.038},{G5,0.038},{B3,0.038},{A5,0.037},{B
             -3,0.038},{B5,0.038},{B3,0.038},{B5,0.038},{B3,0.037},{B5,0.038},{B5,0.038},{B5,0.038},{B5,0.038},{B5,0.037},{B5,0.038},{
             -B5,0.038},{B5,0.038},{B5,0.038},{B5,0.037},{B5,0.038},{B5,0.038},{B5,0.038},{B5,0.038},{B5,0.037},{B5,0.038},{B5,0.038},
             -{A3,0.038},{G5,0.038},{A3,0.037},{A5,0.038},{A3,0.038},{A5,0.038},{A3,0.038},{A5,0.037},{D4,0.038},{A5,0.038},{D4,0.038}
             -,{A5,0.038},{D4,0.037},{A5,0.038},{D4,0.038},{A5,0.038},{A3,0.038},{G5,0.037},{A3,0.038},{A5,0.038},{A3,0.038},{A5,0.038
             -},{A3,0.037},{A5,0.038},{F_3,0.038},{F_5,0.038},{F_3,0.038},{F_5,0.037},{F_3,0.038},{F_5,0.038},{F_3,0.038},{F_5,0.038},
             -{C_4,0.037},{E5,0.038},{C_4,0.038},{E5,0.038},{C_4,0.038},{E5,0.037},{C_4,0.038},{E5,0.038},{E4,0.038},{E5,0.038},{E4,0.
             -037},{E5,0.038},{E4,0.038},{E5,0.038},{E4,0.038},{E5,0.037},{A3,0.038},{E5,0.038},{A3,0.038},{E5,0.038},{A3,0.037},{E5,0
C51 COMPILER V9.60.0.0   MIXUEBINGCHENG                                                    06/24/2021 20:47:19 PAGE 2   

             -.038},{A3,0.038},{E5,0.038},{E4,0.038},{E5,0.037},{E4,0.038},{E5,0.038},{E4,0.038},{E5,0.038},{E4,0.037},{E5,0.038},{D4,
             -0.038},{F_5,0.038},{D4,0.038},{F_5,0.037},{D4,0.038},{F_5,0.038},{D4,0.038},{F_5,0.038},{F_4,0.037},{A5,0.038},{F_4,0.03
             -8},{A5,0.038},{F_4,0.038},{A5,0.037},{F_4,0.038},{A5,0.038},{A3,0.038},{A5,0.038},{A3,0.037},{A5,0.038},{A3,0.038},{A5,0
             -.038},{A3,0.038},{A5,0.037},{F_4,0.038},{A5,0.038},{F_4,0.038},{A5,0.038},{F_4,0.037},{B5,0.038},{F_4,0.038},{B5,0.038},
             -{D4,0.038},{A5,0.037},{D4,0.038},{A5,0.038},{D4,0.038},{A5,0.038},{D4,0.037},{A5,0.038},{F_4,0.038},{F_5,0.038},{F_4,0.0
             -38},{F_5,0.037},{F_4,0.038},{F_5,0.038},{F_4,0.038},{E5,0.038},{A3,0.037},{D5,0.038},{A3,0.038},{D5,0.038},{A3,0.038},{D
             -5,0.037},{A3,0.038},{D5,0.038},{F_4,0.038},{D5,0.038},{F_4,0.037},{D5,0.038},{F_4,0.038},{E5,0.038},{F_4,0.038},{E5,0.03
             -7},{G3,0.038},{F_5,0.038},{G3,0.038},{F_5,0.038},{G3,0.037},{F_5,0.038},{G3,0.038},{F_5,0.038},{D4,0.038},{F_5,0.037},{D
             -4,0.038},{F_5,0.038},{D4,0.038},{F_5,0.038},{D4,0.037},{F_5,0.038},{A3,0.038},{E5,0.038},{A3,0.038},{E5,0.037},{A3,0.038
             -},{E5,0.038},{A3,0.038},{E5,0.038},{E4,0.037},{E5,0.038},{E4,0.038},{E5,0.038},{E4,0.038},{E5,0.037},{E4,0.038},{E5,0.03
             -8},{D4,0.038},{D5,0.038},{D4,0.037},{D5,0.038},{D4,0.038},{D5,0.038},{D4,0.038},{D5,0.037},{A3,0.038},{D5,0.038},{A3,0.0
             -38},{D5,0.038},{A3,0.037},{D5,0.038},{A3,0.038},{D5,0.038},{D4,0.038},{D5,0.037},{D4,0.038},{D5,0.038},{D4,0.038},{D5,0.
             -038},{D4,0.037},{D5,0.038},{D5,0.038},{D5,0.038},{D5,0.038},{D5,0.037},{D5,0.038},{D5,0.038},{D5,0.038},{D5,0.038},{END,
             -0}};


MODULE INFORMATION:   STATIC OVERLAYABLE
   CODE SIZE        =   ----    ----
   CONSTANT SIZE    =   3560    ----
   XDATA SIZE       =   ----    ----
   PDATA SIZE       =   ----    ----
   DATA SIZE        =   ----    ----
   IDATA SIZE       =   ----    ----
   BIT SIZE         =   ----    ----
END OF MODULE INFORMATION.


C51 COMPILATION COMPLETE.  0 WARNING(S),  0 ERROR(S)
