C51 COMPILER V9.60.0.0   QIJIZAIXIAN                                                       06/25/2021 15:00:01 PAGE 1   


C51 COMPILER V9.60.0.0, COMPILATION OF MODULE QIJIZAIXIAN
OBJECT MODULE PLACED IN .\Objects\qijizaixian.obj
COMPILER INVOKED BY: C:\Keil\C51\BIN\C51.EXE songs\qijizaixian.c COMPACT OPTIMIZE(8,SPEED) BROWSE DEBUG OBJECTEXTEND PRI
                    -NT(.\Listings\qijizaixian.lst) OBJECT(.\Objects\qijizaixian.obj)

line level    source

   1          #include "notes.h"
   2          note code qiJiZaiXian[] = {{F_4,0.188},{A4,0.188},{F_5,0.188},{E5,0.375},{D5,0.563},{C_5,0.375},{D5,0.188}
             -,{C_5,0.375},{B4,0.188},{A4,0.188},{B4,0.188},{F_4,0.188},{A4,0.188},{F_5,0.188},{E5,0.375},{D5,0.563},{C_5,0.188},{D5,0
             -.188},{C_5,0.188},{B4,0.75},{F_4,0.375},{A4,0.188},{F_5,0.188},{E5,0.375},{D5,0.375},{C_5,0.375},{C_5,0.188},{D5,0.188},
             -{C_5,0.375},{B4,0.188},{A4,0.188},{B4,0.188},{F_4,0.188},{A4,0.188},{F_5,0.188},{E5,0.375},{D5,0.563},{C_5,0.188},{D5,0.
             -375},{F_5,0.375},{F_5,0.938},{A4,0.188},{F_4,0.188},{G_4,0.188},{A4,0.563},{B4,0.375},{A4,0.188},{G_4,0.375},{A4,0.938},
             -{A4,0.188},{F_4,0.188},{G_4,0.188},{A4,0.563},{C_5,0.375},{B4,0.188},{B4,0.375},{C_5,0.938},{A4,0.188},{F_4,0.188},{G_4,
             -0.188},{A4,0.563},{C_5,0.375},{A4,0.188},{A4,0.375},{B4,0.375},{F_4,0.094},{G_4,3.469},{A4,0.188},{F_4,0.188},{G_4,0.188
             -},{A4,0.563},{B4,0.375},{A4,0.188},{G_4,0.375},{A4,0.938},{A4,0.188},{F_4,0.188},{G_4,0.188},{A4,0.563},{C_5,0.375},{B4,
             -0.188},{B4,0.375},{C_5,0.938},{A4,0.188},{F_4,0.188},{G_4,0.188},{A4,0.563},{C_5,0.375},{A4,0.188},{A4,0.375},{B4,0.375}
             -,{F_4,0.094},{G_4,2.719},{D5,0.188},{E5,0.188},{E5,0.375},{E5,0.375},{E5,0.375},{G_5,0.188},{G_5,0.563},{F_5,0.75},{B4,0
             -.188},{B4,0.188},{G_5,0.375},{G_5,0.375},{G_5,0.375},{F_5,0.188},{F_5,0.375},{E5,0.563},{E5,0.375},{D_5,0.188},{C_5,0.37
             -5},{E5,0.563},{E5,0.375},{D_5,0.188},{B4,0.375},{E5,0.938},{E5,0.188},{E5,0.188},{F_5,0.375},{C_5,0.375},{D_5,0.188},{E5
             -,0.375},{D_5,1.688},{E5,0.375},{E5,0.375},{E5,0.375},{G_5,0.188},{G_5,0.563},{F_5,0.75},{B4,0.188},{B4,0.188},{G_5,0.375
             -},{G_5,0.375},{G_5,0.375},{F_5,0.188},{F_5,0.375},{E5,0.563},{E5,0.375},{D_5,0.188},{C_5,0.375},{E5,0.563},{E5,0.375},{D
             -_5,0.188},{B4,0.375},{E5,0.938},{E5,0.188},{E5,0.188},{F_5,0.375},{C_5,0.375},{D_5,0.188},{E5,0.375},{D_5,1.688},{END,0}
             -};


MODULE INFORMATION:   STATIC OVERLAYABLE
   CODE SIZE        =   ----    ----
   CONSTANT SIZE    =    770    ----
   XDATA SIZE       =   ----    ----
   PDATA SIZE       =   ----    ----
   DATA SIZE        =   ----    ----
   IDATA SIZE       =   ----    ----
   BIT SIZE         =   ----    ----
END OF MODULE INFORMATION.


C51 COMPILATION COMPLETE.  0 WARNING(S),  0 ERROR(S)
