C51 COMPILER V9.60.0.0   QINGHUACI                                                         07/03/2021 03:42:50 PAGE 1   


C51 COMPILER V9.60.0.0, COMPILATION OF MODULE QINGHUACI
OBJECT MODULE PLACED IN .\Objects\qinghuaci.obj
COMPILER INVOKED BY: C:\Keil\C51\BIN\C51.EXE songs\qinghuaci.c OMF2 OPTIMIZE(8,SPEED) BROWSE DEBUG PRINT(.\Listings\qing
                    -huaci.lst) OBJECT(.\Objects\qinghuaci.obj)

line level    source

   1          #include "notes.h"
   2          note code qingHuaCi[] = {{E5,0.278},{E5,0.278},{C_5,0.278},{B4,0.278},{C_5,0.278},{B4,0.278},{A4,0.278},{F
             -_4,1.111},{B4,0.278},{C_5,0.278},{B4,0.278},{A4,0.278},{E4,1.111},{B4,0.278},{C_5,0.278},{B4,0.278},{A4,0.278},{F_4,0.55
             -6},{A4,0.278},{B4,0.556},{F_4,0.278},{C_5,1.111},{A4,0.278},{B4,0.278},{C_5,0.278},{E5,0.278},{E5,0.278},{C_5,0.278},{C_
             -5,0.556},{B4,0.556},{A4,0.556},{B4,0.278},{A4,0.278},{F_4,0.556},{A4,0.278},{B4,0.278},{C_5,0.556},{E5,3.611},{B4,0.278}
             -,{A4,0.278},{F_4,0.278},{A4,0.556},{A4,0.278},{F_4,0.278},{A4,0.556},{A4,0.278},{F_4,0.278},{A4,0.278},{F_4,0.278},{E4,0
             -.833},{B4,0.278},{A4,0.278},{F_4,0.278},{A4,0.556},{A4,0.278},{F_4,0.278},{A4,0.556},{A4,0.278},{C_5,0.278},{B4,0.278},{
             -A4,0.278},{A4,0.833},{E4,0.278},{F_4,0.278},{C_5,0.278},{C_5,0.556},{C_5,0.278},{B4,0.278},{C_5,0.556},{C_5,0.278},{B4,0
             -.278},{C_5,0.278},{E5,0.556},{C_5,0.556},{C_5,0.278},{C_5,0.278},{C_5,0.278},{B4,0.278},{B4,0.278},{B4,0.278},{B4,0.278}
             -,{B4,0.278},{A4,0.278},{A4,0.278},{C_5,0.556},{B4,1.111},{B4,0.278},{A4,0.278},{F_4,0.278},{A4,0.556},{A4,0.278},{F_4,0.
             -278},{A4,0.556},{A4,0.278},{F_4,0.278},{A4,0.278},{F_4,0.278},{E4,0.833},{E4,0.278},{F_4,0.278},{C_5,0.278},{E5,0.556},{
             -E5,0.278},{C_5,0.278},{E5,0.556},{E5,0.278},{C_5,0.278},{B4,0.278},{A4,0.278},{A4,0.833},{B4,0.278},{A4,0.278},{B4,0.278
             -},{C_5,0.278},{B4,0.278},{B4,0.278},{A4,0.278},{B4,0.556},{A4,0.278},{F_4,0.278},{B4,0.278},{A4,0.278},{A4,0.278},{F_4,0
             -.278},{A4,0.556},{A4,0.278},{A4,3.889},{E5,0.278},{E5,0.278},{C_5,0.278},{B4,0.278},{C_5,0.278},{F_4,0.556},{B4,0.278},{
             -C_5,0.278},{E5,0.278},{C_5,0.278},{B4,1.389},{E5,0.278},{E5,0.278},{C_5,0.278},{B4,0.278},{C_5,0.278},{E4,0.556},{B4,0.2
             -78},{C_5,0.278},{E5,0.278},{B4,0.278},{A4,1.389},{A4,0.278},{B4,0.278},{C_5,0.278},{E5,0.278},{F_5,0.278},{E5,0.278},{C_
             -5,0.278},{E5,0.278},{C_5,0.278},{C_5,0.278},{B4,0.278},{B4,1.389},{A4,0.278},{B4,0.278},{A4,0.278},{B4,0.556},{A4,0.278}
             -,{B4,0.556},{C_5,0.556},{E5,0.278},{C_5,0.278},{C_5,1.111},{E5,0.278},{E5,0.278},{C_5,0.278},{B4,0.278},{C_5,0.278},{F_4
             -,0.556},{B4,0.278},{C_5,0.278},{E5,0.278},{C_5,0.278},{B4,1.389},{E5,0.278},{E5,0.278},{C_5,0.278},{B4,0.278},{C_5,0.278
             -},{E4,0.556},{B4,0.278},{C_5,0.278},{E5,0.278},{B4,0.278},{A4,1.389},{A4,0.278},{B4,0.278},{C_5,0.278},{E5,0.278},{F_5,0
             -.278},{E5,0.278},{C_5,0.278},{E5,0.278},{C_5,0.278},{C_5,0.278},{B4,0.278},{B4,0.833},{E4,0.278},{C_5,0.556},{B4,0.278},
             -{B4,0.556},{A4,1.944},{END,0}};


MODULE INFORMATION:   STATIC OVERLAYABLE
   CODE SIZE        =   ----    ----
   CONSTANT SIZE    =   1055    ----
   XDATA SIZE       =   ----    ----
   PDATA SIZE       =   ----    ----
   DATA SIZE        =   ----    ----
   IDATA SIZE       =   ----    ----
   BIT SIZE         =   ----    ----
   EDATA SIZE       =   ----    ----
   HDATA SIZE       =   ----    ----
   XDATA CONST SIZE =   ----    ----
   FAR CONST SIZE   =   ----    ----
END OF MODULE INFORMATION.


C51 COMPILATION COMPLETE.  0 WARNING(S),  0 ERROR(S)
