C51 COMPILER V9.60.0.0   TIMER1                                                            06/24/2021 20:03:01 PAGE 1   


C51 COMPILER V9.60.0.0, COMPILATION OF MODULE TIMER1
OBJECT MODULE PLACED IN .\Objects\timer1.obj
COMPILER INVOKED BY: C:\Keil\C51\BIN\C51.EXE timer1.c LARGE OPTIMIZE(8,SPEED) BROWSE DEBUG OBJECTEXTEND PRINT(.\Listings
                    -\timer1.lst) OBJECT(.\Objects\timer1.obj)

line level    source

   1          #include <regx52.h>
   2          
   3          #define TL 0xf7
   4          #define TH 0xff
   5          
   6          void Timer1Init(void) {
   7   1              TMOD &= 0x0F; //设置定时器模式
   8   1              TMOD |= 0x10; //设置定时器模式
   9   1              TL1 = TL; //设置定时初值
  10   1              TH1 = TH; //设置定时初值
  11   1              TF1 = 0; //清除TF1标志
  12   1              TR1 = 1; //定时器1开始计时
  13   1              ET1 = 1;
  14   1              EA = 1;
  15   1              PT0 = 0;
  16   1      }
  17          
  18          void Timer1InitValue(void) {
  19   1              TL0 = TL; //设置定时初值
  20   1              TH0 = TH; //设置定时初值
  21   1      }


MODULE INFORMATION:   STATIC OVERLAYABLE
   CODE SIZE        =     30    ----
   CONSTANT SIZE    =   ----    ----
   XDATA SIZE       =   ----    ----
   PDATA SIZE       =   ----    ----
   DATA SIZE        =   ----    ----
   IDATA SIZE       =   ----    ----
   BIT SIZE         =   ----    ----
END OF MODULE INFORMATION.


C51 COMPILATION COMPLETE.  0 WARNING(S),  0 ERROR(S)
