C51 COMPILER V9.60.0.0   YEQU                                                              07/03/2021 03:22:38 PAGE 1   


C51 COMPILER V9.60.0.0, COMPILATION OF MODULE YEQU
OBJECT MODULE PLACED IN .\Objects\yequ.obj
COMPILER INVOKED BY: C:\Keil\C51\BIN\C51.EXE songs\yequ.c OPTIMIZE(8,SPEED) BROWSE DEBUG OBJECTEXTEND PRINT(.\Listings\y
                    -equ.lst) OBJECT(.\Objects\yequ.obj)

line level    source

   1          #include "notes.h"
   2          note xdata yeQu[] = {{F4,0.172},{G4,0.172},{G_4,0.345},{G_4,0.172},{G_4,0.345},{G_4,0.517},{G4,0.345},{C5,
             -0.172},{C5,0.862},{F5,0.345},{F5,0.172},{F5,0.345},{D_5,0.345},{C_5,0.172},{D_5,0.345},{G_4,0.172},{G_4,0.862},{C_5,0.34
             -5},{C_5,0.172},{C_5,0.345},{C_5,0.345},{C_5,0.172},{C5,0.345},{G4,0.345},{C5,0.345},{A_4,0.345},{A_4,0.345},{G_4,0.172},
             -{G4,0.345},{G_4,0.517},{G_4,0.69},{G4,0.345},{F4,0.172},{G4,0.172},{G_4,0.345},{G_4,0.172},{G_4,0.345},{G_4,0.517},{G4,0
             -.345},{C5,0.172},{C5,0.862},{F5,0.345},{F5,0.172},{F5,0.345},{D_5,0.345},{C_5,0.172},{D_5,0.345},{G_4,0.172},{G_4,0.862}
             -,{C_5,0.345},{C_5,0.172},{C_5,0.345},{C_5,0.345},{C_5,0.172},{C5,0.345},{A_4,0.345},{G_4,0.345},{G4,0.345},{G4,0.345},{G
             -_4,0.172},{F4,1.897},{F4,0.172},{F4,0.172},{F4,0.345},{C4,0.345},{F4,0.172},{F4,0.172},{C4,0.345},{F4,0.172},{F4,0.172},
             -{F4,0.172},{F4,0.172},{F4,0.345},{C4,0.345},{F4,0.345},{F4,0.172},{F4,0.172},{F4,0.345},{C4,0.345},{D_4,0.172},{D_4,0.17
             -2},{D_4,0.172},{D_4,0.172},{D_4,0.345},{C4,0.69},{F4,0.172},{F4,0.172},{C_4,0.172},{C_4,0.172},{F4,0.172},{C_4,0.172},{E
             -4,0.345},{C4,0.345},{E4,0.345},{C4,0.345},{F4,0.172},{F4,0.172},{C4,0.345},{F4,0.172},{F4,0.172},{F4,0.172},{F4,0.172},{
             -F4,0.345},{C4,0.345},{F4,0.345},{C4,0.517},{F4,0.172},{F4,0.172},{F4,0.172},{F4,0.172},{F4,0.172},{F4,0.172},{F4,0.172},
             -{F4,0.345},{C4,0.345},{F4,0.172},{F4,0.172},{F4,0.172},{F4,0.172},{F4,0.345},{C_4,0.345},{F4,0.172},{F4,0.172},{F4,0.172
             -},{F4,0.172},{D_4,0.172},{D_4,0.172},{C4,0.345},{D_4,0.345},{C4,0.517},{F4,0.172},{F4,0.172},{F4,0.172},{F4,0.172},{F4,0
             -.172},{F4,0.172},{F4,0.172},{E4,0.172},{E4,0.172},{E4,0.172},{F4,0.172},{F4,0.172},{G4,0.172},{F4,0.172},{G4,0.172},{G_4
             -,0.345},{F4,2.069},{F4,0.172},{G4,0.172},{G4,0.086},{G_4,0.259},{G_4,0.172},{G_4,0.345},{G_4,0.345},{G4,0.172},{G4,0.345
             -},{C5,0.172},{C5,0.862},{F5,0.345},{F5,0.172},{F5,0.345},{F5,0.086},{D_5,0.259},{C_5,0.172},{D_5,0.345},{G_4,0.172},{G_4
             -,0.862},{C_5,0.345},{C_5,0.172},{C_5,0.345},{D_5,0.345},{C_5,0.172},{C5,0.345},{G4,0.172},{C5,0.345},{A_4,0.517},{A_4,0.
             -345},{G_4,0.172},{G4,0.345},{G_4,0.517},{G_4,0.517},{G4,0.172},{G4,0.345},{F4,0.172},{G4,0.172},{G_4,0.345},{G_4,0.172},
             -{G_4,0.345},{G_4,0.345},{G4,0.172},{G4,0.345},{C5,0.172},{C5,0.862},{F5,0.345},{F5,0.172},{F5,0.086},{D_5,0.259},{D_5,0.
             -345},{C_5,0.172},{D_5,0.345},{G_4,0.172},{G_4,0.862},{C_5,0.345},{C_5,0.172},{C_5,0.345},{C_5,0.517},{C5,0.345},{A_4,0.1
             -72},{G4,0.345},{G4,0.172},{G_4,0.172},{G4,0.172},{F4,1.379},{END,0}};


MODULE INFORMATION:   STATIC OVERLAYABLE
   CODE SIZE        =   ----    ----
   CONSTANT SIZE    =   ----    ----
   XDATA SIZE       =   1070    ----
   PDATA SIZE       =   ----    ----
   DATA SIZE        =   ----    ----
   IDATA SIZE       =   ----    ----
   BIT SIZE         =   ----    ----
END OF MODULE INFORMATION.


C51 COMPILATION COMPLETE.  0 WARNING(S),  0 ERROR(S)
