C51 COMPILER V9.60.0.0   ZHUZHUXIA_SHORT                                                   06/25/2021 15:00:01 PAGE 1   


C51 COMPILER V9.60.0.0, COMPILATION OF MODULE ZHUZHUXIA_SHORT
OBJECT MODULE PLACED IN .\Objects\zhuzhuxia_short.obj
COMPILER INVOKED BY: C:\Keil\C51\BIN\C51.EXE songs\zhuzhuxia_short.c COMPACT OPTIMIZE(8,SPEED) BROWSE DEBUG OBJECTEXTEND
                    - PRINT(.\Listings\zhuzhuxia_short.lst) OBJECT(.\Objects\zhuzhuxia_short.obj)

line level    source

   1          #include "notes.h"
   2          note code zhuZhuXia[] = {{C_5,0.054},{D5,0.589},{F5,0.214},{C_5,0.054},{D5,0.375},{C5,0.214},{A_4,0.429},{
             -G4,0.214},{A_4,0.214},{G4,0.214},{A_4,0.054},{C5,0.375},{D_5,0.214},{C5,0.054},{D5,0.589},{F5,0.214},{C5,0.054},{D5,0.26
             -8},{C5,0.107},{A_4,0.107},{G4,0.107},{A_4,0.214},{G4,0.214},{C5,0.429},{A_4,0.214},{G4,1.071},{F4,0.429},{F4,0.429},{G4,
             -0.429},{G4,0.214},{A4,0.429},{A4,0.429},{A4,0.214},{A4,0.214},{A4,0.214},{G4,0.429},{F4,0.429},{F4,0.429},{G4,0.429},{G4
             -,0.214},{A4,0.429},{A4,0.429},{A4,0.214},{A4,0.214},{A4,0.214},{G4,0.429},{F4,0.429},{F4,0.429},{G4,0.429},{G4,0.214},{A
             -4,0.429},{A4,0.429},{A4,0.214},{A4,0.214},{A4,0.214},{G4,0.429},{F4,0.429},{F4,0.429},{G4,0.429},{G4,0.214},{A4,0.214},{
             -A4,0.214},{A4,0.214},{A4,0.214},{A4,0.214},{A4,0.214},{A4,0.214},{A4,0.214},{A4,0.214},{C5,0.214},{C5,0.214},{C5,0.214},
             -{C5,0.214},{C5,0.214},{C5,0.214},{C5,0.214},{C5,0.214},{D_5,0.214},{D_5,0.214},{D_5,0.214},{D_5,0.214},{D_5,0.214},{D_5,
             -0.214},{D_5,0.214},{D_5,0.214},{F5,0.214},{F5,0.214},{F5,0.214},{F5,0.214},{F5,0.857},{D5,0.429},{D5,0.429},{D5,0.429},{
             -A_4,0.429},{D5,0.214},{D_5,0.429},{D5,0.429},{D5,0.214},{D5,0.214},{D5,0.214},{C5,0.214},{C5,0.643},{F5,0.107},{G5,0.321
             -},{D5,0.214},{C5,1.929},{F5,0.429},{F5,0.429},{F5,0.429},{C5,0.429},{F5,0.214},{G5,0.429},{F5,0.429},{F5,0.214},{G5,0.21
             -4},{F5,0.214},{D_5,0.214},{D_5,0.429},{D_5,0.214},{F5,0.214},{D_5,0.429},{D5,0.214},{D5,0.214},{F5,0.214},{G5,0.214},{A_
             -5,0.214},{C6,0.321},{A_5,0.536},{D5,0.429},{D5,0.429},{D5,0.429},{A_4,0.429},{D5,0.214},{D_5,0.429},{D5,0.429},{D5,0.214
             -},{D5,0.214},{D5,0.214},{C5,0.214},{C5,0.643},{F5,0.107},{G5,0.321},{B4,0.214},{C5,0.375},{G5,0.054},{A_5,0.321},{G5,0.1
             -07},{F5,0.161},{C5,0.054},{D5,0.321},{C5,0.536},{F5,0.429},{F5,0.429},{F5,0.429},{C5,0.429},{F5,0.214},{G5,0.429},{F5,0.
             -429},{F5,0.214},{G5,0.214},{A5,0.214},{A_5,0.214},{A_5,0.643},{A5,0.214},{A5,0.429},{A_5,1.286},{F5,0.214},{G5,0.214},{A
             -5,0.214},{A_5,0.214},{A_5,0.429},{A_5,0.429},{A_5,0.429},{A_5,0.429},{A_5,0.429},{A_5,0.214},{A5,0.214},{A5,0.214},{A_5,
             -0.214},{C6,0.214},{F5,0.214},{F5,0.214},{G5,0.214},{F5,0.643},{F5,0.214},{F5,0.214},{A5,0.214},{A5,0.214},{A_5,0.214},{A
             -5,1.071},{F5,0.429},{F5,0.429},{G5,0.429},{G5,0.214},{A5,0.429},{A5,0.429},{A5,0.214},{A5,0.214},{A5,0.214},{G5,0.429},{
             -F5,0.429},{F5,0.429},{G5,0.429},{G5,0.214},{A5,0.429},{A5,0.429},{A5,0.214},{A5,0.214},{A5,0.214},{G5,0.429},{F5,0.429},
             -{F5,0.429},{G5,0.429},{G5,0.214},{A5,0.429},{A5,0.429},{A5,0.214},{A5,0.214},{A5,0.214},{G5,0.429},{F5,0.429},{F5,0.429}
             -,{G5,0.429},{G5,0.214},{A5,1.929},{C6,1.714},{D_6,1.714},{F6,1.714},{END,0}};


MODULE INFORMATION:   STATIC OVERLAYABLE
   CODE SIZE        =   ----    ----
   CONSTANT SIZE    =   1145    ----
   XDATA SIZE       =   ----    ----
   PDATA SIZE       =   ----    ----
   DATA SIZE        =   ----    ----
   IDATA SIZE       =   ----    ----
   BIT SIZE         =   ----    ----
END OF MODULE INFORMATION.


C51 COMPILATION COMPLETE.  0 WARNING(S),  0 ERROR(S)
