C51 COMPILER V9.60.0.0   DELAY                                                             07/03/2021 00:52:33 PAGE 1   


C51 COMPILER V9.60.0.0, COMPILATION OF MODULE DELAY
OBJECT MODULE PLACED IN .\Objects\Delay.obj
COMPILER INVOKED BY: C:\Keil\C51\BIN\C51.EXE Delay.c OMF2 OPTIMIZE(8,SPEED) BROWSE DEBUG PRINT(.\Listings\Delay.lst) OBJ
                    -ECT(.\Objects\Delay.obj)

line level    source

   1          
   2          void Delay(unsigned int xms)
   3          {
   4   1              unsigned char i, j;
   5   1              while(xms--)
   6   1              {
   7   2                      i = 2;
   8   2                      j = 239;
   9   2                      do
  10   2                      {
  11   3                              while (--j);
  12   3                      } while (--i);
  13   2              }
  14   1      }
  15          


MODULE INFORMATION:   STATIC OVERLAYABLE
   CODE SIZE        =     21    ----
   CONSTANT SIZE    =   ----    ----
   XDATA SIZE       =   ----    ----
   PDATA SIZE       =   ----    ----
   DATA SIZE        =   ----    ----
   IDATA SIZE       =   ----    ----
   BIT SIZE         =   ----    ----
   EDATA SIZE       =   ----    ----
   HDATA SIZE       =   ----    ----
   XDATA CONST SIZE =   ----    ----
   FAR CONST SIZE   =   ----    ----
END OF MODULE INFORMATION.


C51 COMPILATION COMPLETE.  0 WARNING(S),  0 ERROR(S)
