C51 COMPILER V9.60.0.0   LCD1602                                                           07/03/2021 00:52:34 PAGE 1   


C51 COMPILER V9.60.0.0, COMPILATION OF MODULE LCD1602
OBJECT MODULE PLACED IN .\Objects\LCD1602.obj
COMPILER INVOKED BY: C:\Keil\C51\BIN\C51.EXE LCD1602.c OMF2 OPTIMIZE(8,SPEED) BROWSE DEBUG PRINT(.\Listings\LCD1602.lst)
                    - OBJECT(.\Objects\LCD1602.obj)

line level    source

   1          #include <REGX52.H>
   2          
   3          //引脚配置：
   4          sbit LCD_RS=P0^7;
   5          sbit LCD_RW=P0^6;
   6          sbit LCD_EN=P0^5;
   7          #define LCD_DataPort P2
   8          
   9          //函数定义：
  10          /**
  11            * @brief  LCD1602延时函数，12MHz调用可延时1ms
  12            * @param  无
  13            * @retval 无
  14            */
  15          void LCD_Delay()
  16          {
  17   1              unsigned char i, j;
  18   1      
  19   1              i = 2;
  20   1              j = 239;
  21   1              do
  22   1              {
  23   2                      while (--j);
  24   2              } while (--i);
  25   1      }
  26          
  27          /**
  28            * @brief  LCD1602写命令
  29            * @param  Command 要写入的命令
  30            * @retval 无
  31            */
  32          void LCD_WriteCommand(unsigned char Command)
  33          {
  34   1              LCD_RS=0;
  35   1              LCD_RW=0;
  36   1              LCD_DataPort=Command;
  37   1              LCD_EN=1;
  38   1              LCD_Delay();
  39   1              LCD_EN=0;
  40   1              LCD_Delay();
  41   1      }
  42          
  43          /**
  44            * @brief  LCD1602写数据
  45            * @param  Data 要写入的数据
  46            * @retval 无
  47            */
  48          void LCD_WriteData(unsigned char Data)
  49          {
  50   1              LCD_RS=1;
  51   1              LCD_RW=0;
  52   1              LCD_DataPort=Data;
  53   1              LCD_EN=1;
  54   1              LCD_Delay();
C51 COMPILER V9.60.0.0   LCD1602                                                           07/03/2021 00:52:34 PAGE 2   

  55   1              LCD_EN=0;
  56   1              LCD_Delay();
  57   1      }
  58          
  59          /**
  60            * @brief  LCD1602设置光标位置
  61            * @param  Line 行位置，范围：1~2
  62            * @param  Column 列位置，范围：1~16
  63            * @retval 无
  64            */
  65          void LCD_SetCursor(unsigned char Line,unsigned char Column)
  66          {
  67   1              if(Line==1)
  68   1              {
  69   2                      LCD_WriteCommand(0x80|(Column-1));
  70   2              }
  71   1              else if(Line==2)
  72   1              {
  73   2                      LCD_WriteCommand(0x80|(Column-1+0x40));
  74   2              }
  75   1      }
  76          
  77          /**
  78            * @brief  LCD1602初始化函数
  79            * @param  无
  80            * @retval 无
  81            */
  82          void LCD_Init()
  83          {
  84   1              LCD_WriteCommand(0x38);//八位数据接口，两行显示，5*7点阵
  85   1              LCD_WriteCommand(0x0c);//显示开，光标关，闪烁关
  86   1              LCD_WriteCommand(0x06);//数据读写操作后，光标自动加一，画面不动
  87   1              LCD_WriteCommand(0x01);//光标复位，清屏
  88   1      }
  89          
  90          /**
  91            * @brief  在LCD1602指定位置上显示一个字符
  92            * @param  Line 行位置，范围：1~2
  93            * @param  Column 列位置，范围：1~16
  94            * @param  Char 要显示的字符
  95            * @retval 无
  96            */
  97          /*
  98          void LCD_ShowChar(unsigned char Line,unsigned char Column,char Char)
  99          {
 100                  LCD_SetCursor(Line,Column);
 101                  LCD_WriteData(Char);
 102          }
 103          */
 104          /**
 105            * @brief  在LCD1602指定位置开始显示所给字符串
 106            * @param  Line 起始行位置，范围：1~2
 107            * @param  Column 起始列位置，范围：1~16
 108            * @param  String 要显示的字符串
 109            * @retval 无
 110            */
 111          void LCD_ShowString(unsigned char Line,unsigned char Column,char *String)
 112          {
 113   1              unsigned char i;
 114   1              LCD_SetCursor(Line,Column);
 115   1              for(i=0;String[i]!='\0';i++)
 116   1              {
C51 COMPILER V9.60.0.0   LCD1602                                                           07/03/2021 00:52:34 PAGE 3   

 117   2                      LCD_WriteData(String[i]);
 118   2              }
 119   1      }
 120          
 121          /**
 122            * @brief  返回值=X的Y次方
 123            */
 124          int LCD_Pow(int X,int Y)
 125          {
 126   1              unsigned char i;
 127   1              int Result=1;
 128   1              for(i=0;i<Y;i++)
 129   1              {
 130   2                      Result*=X;
 131   2              }
 132   1              return Result;
 133   1      }
 134          
 135          /**
 136            * @brief  在LCD1602指定位置开始显示所给数字
 137            * @param  Line 起始行位置，范围：1~2
 138            * @param  Column 起始列位置，范围：1~16
 139            * @param  Number 要显示的数字，范围：0~65535
 140            * @param  Length 要显示数字的长度，范围：1~5
 141            * @retval 无
 142            */
 143          void LCD_ShowNum(unsigned char Line,unsigned char Column,unsigned int Number,unsigned char Length)
 144          {
 145   1              unsigned char i;
 146   1              LCD_SetCursor(Line,Column);
 147   1              for(i=Length;i>0;i--)
 148   1              {
 149   2                      LCD_WriteData(Number/LCD_Pow(10,i-1)%10+'0');
 150   2              }
 151   1      }
 152          
 153          /**
 154            * @brief  在LCD1602指定位置开始以有符号十进制显示所给数字
 155            * @param  Line 起始行位置，范围：1~2
 156            * @param  Column 起始列位置，范围：1~16
 157            * @param  Number 要显示的数字，范围：-32768~32767
 158            * @param  Length 要显示数字的长度，范围：1~5
 159            * @retval 无
 160            */
 161          /*
 162          void LCD_ShowSignedNum(unsigned char Line,unsigned char Column,int Number,unsigned char Length)
 163          {
 164                  unsigned char i;
 165                  unsigned int Number1;
 166                  LCD_SetCursor(Line,Column);
 167                  if(Number>=0)
 168                  {
 169                          LCD_WriteData('+');
 170                          Number1=Number;
 171                  }
 172                  else
 173                  {
 174                          LCD_WriteData('-');
 175                          Number1=-Number;
 176                  }
 177                  for(i=Length;i>0;i--)
 178                  {
C51 COMPILER V9.60.0.0   LCD1602                                                           07/03/2021 00:52:34 PAGE 4   

 179                          LCD_WriteData(Number1/LCD_Pow(10,i-1)%10+'0');
 180                  }
 181          }
 182          */
 183          /**
 184            * @brief  在LCD1602指定位置开始以十六进制显示所给数字
 185            * @param  Line 起始行位置，范围：1~2
 186            * @param  Column 起始列位置，范围：1~16
 187            * @param  Number 要显示的数字，范围：0~0xFFFF
 188            * @param  Length 要显示数字的长度，范围：1~4
 189            * @retval 无
 190            */
 191          /*
 192          void LCD_ShowHexNum(unsigned char Line,unsigned char Column,unsigned int Number,unsigned char Length)
 193          {
 194                  unsigned char i,SingleNumber;
 195                  LCD_SetCursor(Line,Column);
 196                  for(i=Length;i>0;i--)
 197                  {
 198                          SingleNumber=Number/LCD_Pow(16,i-1)%16;
 199                          if(SingleNumber<10)
 200                          {
 201                                  LCD_WriteData(SingleNumber+'0');
 202                          }
 203                          else
 204                          {
 205                                  LCD_WriteData(SingleNumber-10+'A');
 206                          }
 207                  }
 208          }
 209          */
 210          
 211          /**
 212            * @brief  在LCD1602指定位置开始以二进制显示所给数字
 213            * @param  Line 起始行位置，范围：1~2
 214            * @param  Column 起始列位置，范围：1~16
 215            * @param  Number 要显示的数字，范围：0~1111 1111 1111 1111
 216            * @param  Length 要显示数字的长度，范围：1~16
 217            * @retval 无
 218            */
 219          /*
 220          void LCD_ShowBinNum(unsigned char Line,unsigned char Column,unsigned int Number,unsigned char Length)
 221          {
 222                  unsigned char i;
 223                  LCD_SetCursor(Line,Column);
 224                  for(i=Length;i>0;i--)
 225                  {
 226                          LCD_WriteData(Number/LCD_Pow(2,i-1)%2+'0');
 227                  }
 228          }
 229          */
 230          
 231          /**
 232           * @brirf 清除某一行
 233           * @param Line 哪一行，范围：1~2
 234           * @retval 无
 235           */
 236          void LCD_ClearLine(unsigned char line) {
 237   1              if (line < 1 || line > 2) return;
 238   1              LCD_ShowString(line, 1, "                ");
 239   1      }

C51 COMPILER V9.60.0.0   LCD1602                                                           07/03/2021 00:52:34 PAGE 5   


MODULE INFORMATION:   STATIC OVERLAYABLE
   CODE SIZE        =    260    ----
   CONSTANT SIZE    =     17    ----
   XDATA SIZE       =   ----    ----
   PDATA SIZE       =   ----    ----
   DATA SIZE        =   ----      12
   IDATA SIZE       =   ----    ----
   BIT SIZE         =   ----    ----
   EDATA SIZE       =   ----    ----
   HDATA SIZE       =   ----    ----
   XDATA CONST SIZE =   ----    ----
   FAR CONST SIZE   =   ----    ----
END OF MODULE INFORMATION.


C51 COMPILATION COMPLETE.  0 WARNING(S),  0 ERROR(S)
