C51 COMPILER V9.60.0.0   MAIN                                                              07/03/2021 00:54:54 PAGE 1   


C51 COMPILER V9.60.0.0, COMPILATION OF MODULE MAIN
OBJECT MODULE PLACED IN .\Objects\main.obj
COMPILER INVOKED BY: C:\Keil\C51\BIN\C51.EXE main.c OMF2 OPTIMIZE(8,SPEED) BROWSE DEBUG PRINT(.\Listings\main.lst) OBJEC
                    -T(.\Objects\main.obj)

line level    source

   1          #include <REGX52.H>
   2          #include "LCD1602.h"
   3          #include "DS1302.h"
   4          #include "Key.h"
   5          #include "Timer0.h"
   6          #include "stdio.h"
   7          #include "Delay.h"
   8          
   9          #define YEAR DS1302_Time[0]
  10          #define MONTH DS1302_Time[1]
  11          #define DATE DS1302_Time[2]
  12          #define HOUR DS1302_Time[3]
  13          #define MINUTE DS1302_Time[4]
  14          #define SECOND DS1302_Time[5]
  15          #define DAY DS1302_Time[6]
  16          #define ALARM_HOUR DS1302_Time[7]
  17          #define ALARM_MINUTE DS1302_Time[8]
  18          
  19          unsigned char KeyNum,MODE,TimeSetSelect,TimeSetFlashFlag;
  20          sbit Beep=P3^6;
  21          unsigned char code position[] = {
  22                  1, 3, //年
  23                  1, 6, //月
  24                  1, 9, //日
  25                  2, 1, //时
  26                  2, 4, //分
  27                  2, 7, //秒
  28                  1, 12, //星期
  29                  2, 10, //闹钟时
  30                  2, 13 //闹钟分
  31          };
  32          char code dayName [][4] = { "SUN", "MON", "TUE", "WED", "THU", "FRI", "SAT" };
  33          
  34          void beep() {
  35   1              unsigned char i;
  36   1              for (i = 0; i < 200; i++) {
  37   2                      unsigned int j = 247;
  38   2                      Beep = ~Beep;
  39   2                      while (--j);
  40   2              }
  41   1      }
  42          
  43          void TimeShow(void) {//时间显示功能
  44   1              char line[2][15];
  45   1              DS1302_ReadTime();//读取时间
  46   1              sprintf(&line[0], "20%02d/%02d/%02d %s", (int)YEAR, (int)MONTH, (int)DATE, dayName[DAY % 7]);
  47   1              sprintf(&line[1], "%02d:%02d:%02d %02d:%02d", (int)HOUR, (int)MINUTE, (int)SECOND, (int)ALARM_HOUR, (int)
             -ALARM_MINUTE);
  48   1              LCD_ShowString(1, 1, line[0]);
  49   1              LCD_ShowString(2, 1, line[1]);
  50   1              LCD_ShowNum(position[16], position[17], ALARM_MINUTE, 2); //未知不可名状bug，只能单独显示
  51   1      }
  52          
  53          char mod(char *a, char b) { //C++ 才可以写成 int &a
C51 COMPILER V9.60.0.0   MAIN                                                              07/03/2021 00:54:54 PAGE 2   

  54   1              return *a = (*a + b) % b;
  55   1      }
  56          
  57          char mod1(char *a, char b) { //越界归1，而不是归0
  58   1              return *a = (*a + b - 1) % b + 1;
  59   1      }
  60          
  61          void checkTimeLegal() {
  62   1              static unsigned int code BIG_MONTH = 0xad5; //0b101011010101
  63   1              mod(&YEAR, 100);//YEAR %= 100;//年越界判断
  64   1              mod1(&MONTH, 12);//月越界判断
  65   1              if (MONTH == 2) mod1(&DATE, YEAR % 4 ? 28 : 29);
  66   1              else mod1(&DATE, (BIG_MONTH & 1 << (MONTH - 1)) ? 31 : 30);//日越界判断
  67   1              mod(&HOUR, 24);//时越界判断
  68   1              mod(&MINUTE, 60);//分越界判断
  69   1              mod(&SECOND, 60);//秒越界判断
  70   1              mod1(&DAY, 7);//星期越界判断
  71   1              mod(&ALARM_HOUR, 24);//时越界判断
  72   1              mod(&ALARM_MINUTE, 60);//分越界判断
  73   1      }
  74          
  75          void TimeSet(void) {//时间设置功能
  76   1              unsigned char i;
  77   1              if(KeyNum==2) {//按键2按下
  78   2                      TimeSetSelect++;//设置选择位加1
  79   2                      TimeSetSelect %= 9;//越界清零
  80   2              }
  81   1              if(KeyNum==3) {//按键3按下
  82   2                      DS1302_Time[TimeSetSelect]++;//时间设置位数值加1
  83   2                      checkTimeLegal();
  84   2              }
  85   1              if(KeyNum==4) {//按键4按下
  86   2                      DS1302_Time[TimeSetSelect]--;//时间设置位数值减1
  87   2                      checkTimeLegal();
  88   2              }
  89   1              //更新显示，根据TimeSetSelect和TimeSetFlashFlag判断可完成闪烁功能
  90   1              #define DAY_INDEX 6
  91   1              for (i = 0; i < 9; i++)
  92   1                      if (TimeSetSelect == i && TimeSetFlashFlag) LCD_ShowString(position[2 * i], position[2 * i + 1], i != DA
             -Y_INDEX ? "  " : "   ");
  93   1                      else if (i != DAY_INDEX) LCD_ShowNum(position[2 * i], position[2 * i + 1], DS1302_Time[i], 2);
  94   1                      else LCD_ShowString(position[2 * i], position[2 * i + 1], dayName[DAY % 7]);
  95   1      }
  96          
  97          void main() {
  98   1              beep();
  99   1              
 100   1              LCD_Init();
 101   1              DS1302_Init();
 102   1              Timer0Init();
 103   1              
 104   1              LCD_ShowString(1, 1, "Clock");
 105   1              Delay(1000);
 106   1              
 107   1              LCD_ShowString(1, 1, "1900100313");
 108   1              LCD_ShowString(2, 1, "ZhangLin");
 109   1              Delay(1000);
 110   1              
 111   1              LCD_ShowString(1, 1, "1900100310");
 112   1              LCD_ShowString(2, 1, "TuMin   ");
 113   1              Delay(1000);
 114   1              
C51 COMPILER V9.60.0.0   MAIN                                                              07/03/2021 00:54:54 PAGE 3   

 115   1      //      LCD_ShowString(1,1,"  -  -  ");//静态字符初始化显示
 116   1      //      LCD_ShowString(2,1,"  :  :  ");
 117   1              
 118   1      //      LCD_ShowString(1,10,"week:");
 119   1      //      LCD_ShowString(2,12,":");
 120   1              
 121   1              DS1302_SetTime();//设置时间
 122   1              
 123   1              while(1) {
 124   2                      KeyNum = Key();//读取键码
 125   2                      if (KeyNum == 1) {//按键1按下
 126   3                              MODE ? DS1302_SetTime() : (TimeSetSelect = 0);//功能切换
 127   3                              MODE = !MODE;
 128   3                      }
 129   2                      MODE ? TimeSet() : TimeShow();//根据不同的功能执行不同的函数
 130   2                      
 131   2                      if (HOUR == ALARM_HOUR && MINUTE == ALARM_MINUTE)
 132   2                              beep();
 133   2                      //Beep=~Beep;
 134   2              }
 135   1      }
 136          
 137          void Timer0_Routine() interrupt 1 {
 138   1              static unsigned int T0Count;
 139   1              TL0 = 0x18;             //设置定时初值
 140   1              TH0 = 0xFC;             //设置定时初值
 141   1              T0Count++;
 142   1              if(T0Count >= 500) {//每500ms进入一次
 143   2                      T0Count = 0;
 144   2                      TimeSetFlashFlag = !TimeSetFlashFlag; //闪烁标志位取反
 145   2              }
 146   1      }


MODULE INFORMATION:   STATIC OVERLAYABLE
   CODE SIZE        =    958    ----
   CONSTANT SIZE    =    146    ----
   XDATA SIZE       =   ----    ----
   PDATA SIZE       =   ----    ----
   DATA SIZE        =      6      41
   IDATA SIZE       =   ----    ----
   BIT SIZE         =   ----    ----
   EDATA SIZE       =   ----    ----
   HDATA SIZE       =   ----    ----
   XDATA CONST SIZE =   ----    ----
   FAR CONST SIZE   =   ----    ----
END OF MODULE INFORMATION.


C51 COMPILATION COMPLETE.  0 WARNING(S),  0 ERROR(S)
